[0.016s] Invoking command in '/home/james/Documents/Iceberg/ModeSwitcher/build/waypoint_counter': /usr/bin/cmake --build /home/james/Documents/Iceberg/ModeSwitcher/build/waypoint_counter -- -j16 -l16
[0.036s] -- Found ament_cmake: 1.3.11 (/opt/ros/humble/share/ament_cmake/cmake)
[0.153s] -- Found rclcpp: 16.0.11 (/opt/ros/humble/share/rclcpp/cmake)
[0.189s] -- Found rosidl_generator_c: 3.1.6 (/opt/ros/humble/share/rosidl_generator_c/cmake)
[0.191s] -- Found rosidl_adapter: 3.1.6 (/opt/ros/humble/share/rosidl_adapter/cmake)
[0.198s] -- Found rosidl_generator_cpp: 3.1.6 (/opt/ros/humble/share/rosidl_generator_cpp/cmake)
[0.208s] -- Using all available rosidl_typesupport_c: rosidl_typesupport_fastrtps_c;rosidl_typesupport_introspection_c
[0.223s] -- Using all available rosidl_typesupport_cpp: rosidl_typesupport_fastrtps_cpp;rosidl_typesupport_introspection_cpp
[0.262s] -- Found rmw_implementation_cmake: 6.1.2 (/opt/ros/humble/share/rmw_implementation_cmake/cmake)
[0.263s] -- Found rmw_fastrtps_cpp: 6.2.7 (/opt/ros/humble/share/rmw_fastrtps_cpp/cmake)
[0.410s] -- Using RMW implementation 'rmw_fastrtps_cpp' as default
[0.466s] -- Found mavros_msgs: 2.9.0 (/opt/ros/humble/share/mavros_msgs/cmake)
[0.630s] -- Configuring done
[0.646s] -- Generating done
[0.652s] -- Build files have been written to: /home/james/Documents/Iceberg/ModeSwitcher/build/waypoint_counter
[0.698s] [100%] Built target waypoint_counter
[0.706s] Invoked command in '/home/james/Documents/Iceberg/ModeSwitcher/build/waypoint_counter' returned '0': /usr/bin/cmake --build /home/james/Documents/Iceberg/ModeSwitcher/build/waypoint_counter -- -j16 -l16
[0.715s] Invoking command in '/home/james/Documents/Iceberg/ModeSwitcher/build/waypoint_counter': /usr/bin/cmake --install /home/james/Documents/Iceberg/ModeSwitcher/build/waypoint_counter
[0.720s] -- Install configuration: ""
[0.720s] -- Up-to-date: /home/james/Documents/Iceberg/ModeSwitcher/install/waypoint_counter/lib/waypoint_counter/waypoint_counter
[0.720s] -- Up-to-date: /home/james/Documents/Iceberg/ModeSwitcher/install/waypoint_counter/share/ament_index/resource_index/package_run_dependencies/waypoint_counter
[0.720s] -- Installing: /home/james/Documents/Iceberg/ModeSwitcher/install/waypoint_counter/share/ament_index/resource_index/parent_prefix_path/waypoint_counter
[0.721s] -- Up-to-date: /home/james/Documents/Iceberg/ModeSwitcher/install/waypoint_counter/share/waypoint_counter/environment/ament_prefix_path.sh
[0.721s] -- Installing: /home/james/Documents/Iceberg/ModeSwitcher/install/waypoint_counter/share/waypoint_counter/environment/ament_prefix_path.dsv
[0.721s] -- Up-to-date: /home/james/Documents/Iceberg/ModeSwitcher/install/waypoint_counter/share/waypoint_counter/environment/path.sh
[0.721s] -- Installing: /home/james/Documents/Iceberg/ModeSwitcher/install/waypoint_counter/share/waypoint_counter/environment/path.dsv
[0.721s] -- Up-to-date: /home/james/Documents/Iceberg/ModeSwitcher/install/waypoint_counter/share/waypoint_counter/local_setup.bash
[0.721s] -- Up-to-date: /home/james/Documents/Iceberg/ModeSwitcher/install/waypoint_counter/share/waypoint_counter/local_setup.sh
[0.722s] -- Up-to-date: /home/james/Documents/Iceberg/ModeSwitcher/install/waypoint_counter/share/waypoint_counter/local_setup.zsh
[0.722s] -- Installing: /home/james/Documents/Iceberg/ModeSwitcher/install/waypoint_counter/share/waypoint_counter/local_setup.dsv
[0.722s] -- Installing: /home/james/Documents/Iceberg/ModeSwitcher/install/waypoint_counter/share/waypoint_counter/package.dsv
[0.722s] -- Up-to-date: /home/james/Documents/Iceberg/ModeSwitcher/install/waypoint_counter/share/ament_index/resource_index/packages/waypoint_counter
[0.722s] -- Up-to-date: /home/james/Documents/Iceberg/ModeSwitcher/install/waypoint_counter/share/waypoint_counter/cmake/waypoint_counterConfig.cmake
[0.722s] -- Up-to-date: /home/james/Documents/Iceberg/ModeSwitcher/install/waypoint_counter/share/waypoint_counter/cmake/waypoint_counterConfig-version.cmake
[0.722s] -- Installing: /home/james/Documents/Iceberg/ModeSwitcher/install/waypoint_counter/share/waypoint_counter/package.xml
[0.724s] Invoked command in '/home/james/Documents/Iceberg/ModeSwitcher/build/waypoint_counter' returned '0': /usr/bin/cmake --install /home/james/Documents/Iceberg/ModeSwitcher/build/waypoint_counter
