[0.131s] DEBUG:colcon:Command line arguments: ['/usr/bin/colcon', 'build']
[0.131s] DEBUG:colcon:Parsed command line arguments: Namespace(log_base=None, log_level=None, verb_name='build', build_base='build', install_base='install', merge_install=False, symlink_install=False, test_result_base=None, continue_on_error=False, executor='parallel', parallel_workers=16, event_handlers=None, ignore_user_meta=False, metas=['./colcon.meta'], base_paths=['.'], packages_ignore=None, packages_ignore_regex=None, paths=None, packages_up_to=None, packages_up_to_regex=None, packages_above=None, packages_above_and_dependencies=None, packages_above_depth=None, packages_select_by_dep=None, packages_skip_by_dep=None, packages_skip_up_to=None, packages_select_build_failed=False, packages_skip_build_finished=False, packages_select_test_failures=False, packages_skip_test_passed=False, packages_select=None, packages_skip=None, packages_select_regex=None, packages_skip_regex=None, packages_start=None, packages_end=None, allow_overriding=[], cmake_args=None, cmake_target=None, cmake_target_skip_unavailable=False, cmake_clean_cache=False, cmake_clean_first=False, cmake_force_configure=False, ament_cmake_args=None, catkin_cmake_args=None, catkin_skip_building_tests=False, mixin_files=None, mixin=None, verb_parser=<colcon_mixin.mixin.mixin_argument.MixinArgumentDecorator object at 0x76745c033c70>, verb_extension=<colcon_core.verb.build.BuildVerb object at 0x76745c032ec0>, main=<bound method BuildVerb.main of <colcon_core.verb.build.BuildVerb object at 0x76745c032ec0>>, mixin_verb=('build',))
[0.174s] Level 1:colcon.colcon_core.package_discovery:discover_packages(colcon_meta) check parameters
[0.174s] Level 1:colcon.colcon_core.package_discovery:discover_packages(recursive) check parameters
[0.174s] Level 1:colcon.colcon_core.package_discovery:discover_packages(ignore) check parameters
[0.174s] Level 1:colcon.colcon_core.package_discovery:discover_packages(path) check parameters
[0.174s] Level 1:colcon.colcon_core.package_discovery:discover_packages(colcon_meta) discover
[0.174s] Level 1:colcon.colcon_core.package_discovery:discover_packages(recursive) discover
[0.174s] INFO:colcon.colcon_core.package_discovery:Crawling recursively for packages in '/home/james/Documents/Iceberg/ModeSwitcher'
[0.174s] Level 1:colcon.colcon_core.package_identification:_identify(.) by extensions ['ignore', 'ignore_ament_install']
[0.175s] Level 1:colcon.colcon_core.package_identification:_identify(.) by extension 'ignore'
[0.175s] Level 1:colcon.colcon_core.package_identification:_identify(.) by extension 'ignore_ament_install'
[0.175s] Level 1:colcon.colcon_core.package_identification:_identify(.) by extensions ['colcon_pkg']
[0.175s] Level 1:colcon.colcon_core.package_identification:_identify(.) by extension 'colcon_pkg'
[0.175s] Level 1:colcon.colcon_core.package_identification:_identify(.) by extensions ['colcon_meta']
[0.175s] Level 1:colcon.colcon_core.package_identification:_identify(.) by extension 'colcon_meta'
[0.175s] Level 1:colcon.colcon_core.package_identification:_identify(.) by extensions ['ros']
[0.175s] Level 1:colcon.colcon_core.package_identification:_identify(.) by extension 'ros'
[0.195s] DEBUG:colcon.colcon_core.package_identification:Package '.' with type 'ros.catkin' and name 'waypoint_counter'
[0.195s] Level 1:colcon.colcon_core.package_discovery:discover_packages(recursive) using defaults
[0.195s] Level 1:colcon.colcon_core.package_discovery:discover_packages(ignore) discover
[0.195s] Level 1:colcon.colcon_core.package_discovery:discover_packages(ignore) using defaults
[0.195s] Level 1:colcon.colcon_core.package_discovery:discover_packages(path) discover
[0.195s] Level 1:colcon.colcon_core.package_discovery:discover_packages(path) using defaults
[0.217s] Level 1:colcon.colcon_core.package_discovery:discover_packages(prefix_path) check parameters
[0.217s] Level 1:colcon.colcon_core.package_discovery:discover_packages(prefix_path) discover
[0.219s] DEBUG:colcon.colcon_installed_package_information.package_discovery:Found 1 installed packages in /home/james/Documents/Iceberg/path_planner/install
[0.220s] DEBUG:colcon.colcon_installed_package_information.package_discovery:Found 1 installed packages in /home/james/Documents/Iceberg/ModeSwitcher/install
[0.221s] DEBUG:colcon.colcon_installed_package_information.package_discovery:Found 299 installed packages in /opt/ros/humble
[0.223s] Level 1:colcon.colcon_core.package_discovery:discover_packages(prefix_path) using defaults
[0.266s] Level 5:colcon.colcon_core.verb:set package 'waypoint_counter' build argument 'cmake_args' from command line to 'None'
[0.267s] Level 5:colcon.colcon_core.verb:set package 'waypoint_counter' build argument 'cmake_target' from command line to 'None'
[0.267s] Level 5:colcon.colcon_core.verb:set package 'waypoint_counter' build argument 'cmake_target_skip_unavailable' from command line to 'False'
[0.267s] Level 5:colcon.colcon_core.verb:set package 'waypoint_counter' build argument 'cmake_clean_cache' from command line to 'False'
[0.267s] Level 5:colcon.colcon_core.verb:set package 'waypoint_counter' build argument 'cmake_clean_first' from command line to 'False'
[0.267s] Level 5:colcon.colcon_core.verb:set package 'waypoint_counter' build argument 'cmake_force_configure' from command line to 'False'
[0.267s] Level 5:colcon.colcon_core.verb:set package 'waypoint_counter' build argument 'ament_cmake_args' from command line to 'None'
[0.267s] Level 5:colcon.colcon_core.verb:set package 'waypoint_counter' build argument 'catkin_cmake_args' from command line to 'None'
[0.267s] Level 5:colcon.colcon_core.verb:set package 'waypoint_counter' build argument 'catkin_skip_building_tests' from command line to 'False'
[0.267s] DEBUG:colcon.colcon_core.verb:Building package 'waypoint_counter' with the following arguments: {'ament_cmake_args': None, 'build_base': '/home/james/Documents/Iceberg/ModeSwitcher/build/waypoint_counter', 'catkin_cmake_args': None, 'catkin_skip_building_tests': False, 'cmake_args': None, 'cmake_clean_cache': False, 'cmake_clean_first': False, 'cmake_force_configure': False, 'cmake_target': None, 'cmake_target_skip_unavailable': False, 'install_base': '/home/james/Documents/Iceberg/ModeSwitcher/install/waypoint_counter', 'merge_install': False, 'path': '/home/james/Documents/Iceberg/ModeSwitcher', 'symlink_install': False, 'test_result_base': None}
[0.267s] INFO:colcon.colcon_core.executor:Executing jobs using 'parallel' executor
[0.268s] DEBUG:colcon.colcon_parallel_executor.executor.parallel:run_until_complete
[0.269s] INFO:colcon.colcon_ros.task.catkin.build:Building ROS package in '/home/james/Documents/Iceberg/ModeSwitcher' with build type 'catkin'
[0.269s] INFO:colcon.colcon_cmake.task.cmake.build:Building CMake package in '/home/james/Documents/Iceberg/ModeSwitcher'
[0.271s] INFO:colcon.colcon_core.plugin_system:Skipping extension 'colcon_core.shell.bat': Not used on non-Windows systems
[0.271s] INFO:colcon.colcon_core.shell:Skip shell extension 'powershell' for command environment: Not usable outside of PowerShell
[0.271s] DEBUG:colcon.colcon_core.shell:Skip shell extension 'dsv' for command environment
[0.285s] DEBUG:colcon.colcon_core.event_handler.log_command:Invoking command in '/home/james/Documents/Iceberg/ModeSwitcher/build/waypoint_counter': /usr/bin/cmake --build /home/james/Documents/Iceberg/ModeSwitcher/build/waypoint_counter -- -j16 -l16
[0.928s] DEBUG:colcon.colcon_core.event_handler.log_command:Invoked command in '/home/james/Documents/Iceberg/ModeSwitcher/build/waypoint_counter' returned '2': /usr/bin/cmake --build /home/james/Documents/Iceberg/ModeSwitcher/build/waypoint_counter -- -j16 -l16
[0.929s] Level 1:colcon.colcon_core.shell:create_environment_hook('waypoint_counter', 'ros_package_path')
[0.929s] INFO:colcon.colcon_core.shell:Creating environment hook '/home/james/Documents/Iceberg/ModeSwitcher/install/waypoint_counter/share/waypoint_counter/hook/ros_package_path.ps1'
[0.930s] INFO:colcon.colcon_core.shell:Creating environment descriptor '/home/james/Documents/Iceberg/ModeSwitcher/install/waypoint_counter/share/waypoint_counter/hook/ros_package_path.dsv'
[0.930s] INFO:colcon.colcon_core.shell:Creating environment hook '/home/james/Documents/Iceberg/ModeSwitcher/install/waypoint_counter/share/waypoint_counter/hook/ros_package_path.sh'
[0.931s] Level 1:colcon.colcon_core.shell:create_environment_hook('waypoint_counter', 'pkg_config_path')
[0.931s] INFO:colcon.colcon_core.shell:Creating environment hook '/home/james/Documents/Iceberg/ModeSwitcher/install/waypoint_counter/share/waypoint_counter/hook/pkg_config_path.ps1'
[0.932s] INFO:colcon.colcon_core.shell:Creating environment descriptor '/home/james/Documents/Iceberg/ModeSwitcher/install/waypoint_counter/share/waypoint_counter/hook/pkg_config_path.dsv'
[0.932s] INFO:colcon.colcon_core.shell:Creating environment hook '/home/james/Documents/Iceberg/ModeSwitcher/install/waypoint_counter/share/waypoint_counter/hook/pkg_config_path.sh'
[0.938s] Level 1:colcon.colcon_core.shell:create_environment_hook('waypoint_counter', 'pkg_config_path_multiarch')
[0.939s] INFO:colcon.colcon_core.shell:Creating environment hook '/home/james/Documents/Iceberg/ModeSwitcher/install/waypoint_counter/share/waypoint_counter/hook/pkg_config_path_multiarch.ps1'
[0.939s] INFO:colcon.colcon_core.shell:Creating environment descriptor '/home/james/Documents/Iceberg/ModeSwitcher/install/waypoint_counter/share/waypoint_counter/hook/pkg_config_path_multiarch.dsv'
[0.940s] INFO:colcon.colcon_core.shell:Creating environment hook '/home/james/Documents/Iceberg/ModeSwitcher/install/waypoint_counter/share/waypoint_counter/hook/pkg_config_path_multiarch.sh'
[0.941s] Level 1:colcon.colcon_core.environment:create_environment_scripts_only(waypoint_counter)
[0.944s] Level 1:colcon.colcon_core.environment:checking '/home/james/Documents/Iceberg/ModeSwitcher/install/waypoint_counter' for CMake module files
[0.944s] Level 1:colcon.colcon_core.environment:checking '/home/james/Documents/Iceberg/ModeSwitcher/install/waypoint_counter' for CMake config files
[0.945s] Level 1:colcon.colcon_core.shell:create_environment_hook('waypoint_counter', 'cmake_prefix_path')
[0.945s] INFO:colcon.colcon_core.shell:Creating environment hook '/home/james/Documents/Iceberg/ModeSwitcher/install/waypoint_counter/share/waypoint_counter/hook/cmake_prefix_path.ps1'
[0.946s] INFO:colcon.colcon_core.shell:Creating environment descriptor '/home/james/Documents/Iceberg/ModeSwitcher/install/waypoint_counter/share/waypoint_counter/hook/cmake_prefix_path.dsv'
[0.946s] INFO:colcon.colcon_core.shell:Creating environment hook '/home/james/Documents/Iceberg/ModeSwitcher/install/waypoint_counter/share/waypoint_counter/hook/cmake_prefix_path.sh'
[0.947s] Level 1:colcon.colcon_core.environment:checking '/home/james/Documents/Iceberg/ModeSwitcher/install/waypoint_counter/lib'
[0.947s] Level 1:colcon.colcon_core.environment:checking '/home/james/Documents/Iceberg/ModeSwitcher/install/waypoint_counter/bin'
[0.947s] Level 1:colcon.colcon_core.environment:checking '/home/james/Documents/Iceberg/ModeSwitcher/install/waypoint_counter/lib/pkgconfig/waypoint_counter.pc'
[0.947s] Level 1:colcon.colcon_core.environment:checking '/home/james/Documents/Iceberg/ModeSwitcher/install/waypoint_counter/lib/python3.10/site-packages'
[0.948s] Level 1:colcon.colcon_core.environment:checking '/home/james/Documents/Iceberg/ModeSwitcher/install/waypoint_counter/bin'
[0.948s] INFO:colcon.colcon_core.shell:Creating package script '/home/james/Documents/Iceberg/ModeSwitcher/install/waypoint_counter/share/waypoint_counter/package.ps1'
[0.949s] INFO:colcon.colcon_core.shell:Creating package descriptor '/home/james/Documents/Iceberg/ModeSwitcher/install/waypoint_counter/share/waypoint_counter/package.dsv'
[0.950s] INFO:colcon.colcon_core.shell:Creating package script '/home/james/Documents/Iceberg/ModeSwitcher/install/waypoint_counter/share/waypoint_counter/package.sh'
[0.951s] INFO:colcon.colcon_core.shell:Creating package script '/home/james/Documents/Iceberg/ModeSwitcher/install/waypoint_counter/share/waypoint_counter/package.bash'
[0.952s] INFO:colcon.colcon_core.shell:Creating package script '/home/james/Documents/Iceberg/ModeSwitcher/install/waypoint_counter/share/waypoint_counter/package.zsh'
[0.952s] Level 1:colcon.colcon_core.environment:create_file_with_runtime_dependencies(/home/james/Documents/Iceberg/ModeSwitcher/install/waypoint_counter/share/colcon-core/packages/waypoint_counter)
[0.963s] DEBUG:colcon.colcon_parallel_executor.executor.parallel:closing loop
[0.963s] DEBUG:colcon.colcon_parallel_executor.executor.parallel:loop closed
[0.963s] DEBUG:colcon.colcon_parallel_executor.executor.parallel:run_until_complete finished with '2'
[0.963s] DEBUG:colcon.colcon_core.event_reactor:joining thread
[0.971s] INFO:colcon.colcon_core.plugin_system:Skipping extension 'colcon_notification.desktop_notification.notify_send': Could not find 'notify-send'
[0.971s] INFO:colcon.colcon_core.plugin_system:Skipping extension 'colcon_notification.desktop_notification.terminal_notifier': Not used on non-Darwin systems
[0.971s] INFO:colcon.colcon_core.plugin_system:Skipping extension 'colcon_notification.desktop_notification.win32': Not used on non-Windows systems
[0.972s] INFO:colcon.colcon_notification.desktop_notification:Sending desktop notification using 'notify2'
[0.988s] DEBUG:colcon.colcon_core.event_reactor:joined thread
[0.988s] INFO:colcon.colcon_core.shell:Creating prefix script '/home/james/Documents/Iceberg/ModeSwitcher/install/local_setup.ps1'
[0.990s] INFO:colcon.colcon_core.shell:Creating prefix util module '/home/james/Documents/Iceberg/ModeSwitcher/install/_local_setup_util_ps1.py'
[0.991s] INFO:colcon.colcon_core.shell:Creating prefix chain script '/home/james/Documents/Iceberg/ModeSwitcher/install/setup.ps1'
[0.993s] INFO:colcon.colcon_core.shell:Creating prefix script '/home/james/Documents/Iceberg/ModeSwitcher/install/local_setup.sh'
[0.994s] INFO:colcon.colcon_core.shell:Creating prefix util module '/home/james/Documents/Iceberg/ModeSwitcher/install/_local_setup_util_sh.py'
[0.995s] INFO:colcon.colcon_core.shell:Creating prefix chain script '/home/james/Documents/Iceberg/ModeSwitcher/install/setup.sh'
[0.996s] INFO:colcon.colcon_core.shell:Creating prefix script '/home/james/Documents/Iceberg/ModeSwitcher/install/local_setup.bash'
[0.996s] INFO:colcon.colcon_core.shell:Creating prefix chain script '/home/james/Documents/Iceberg/ModeSwitcher/install/setup.bash'
[0.998s] INFO:colcon.colcon_core.shell:Creating prefix script '/home/james/Documents/Iceberg/ModeSwitcher/install/local_setup.zsh'
[0.998s] INFO:colcon.colcon_core.shell:Creating prefix chain script '/home/james/Documents/Iceberg/ModeSwitcher/install/setup.zsh'
