[0.132s] DEBUG:colcon:Command line arguments: ['/usr/bin/colcon', 'build', '--packages-select', 'waypoint_counter']
[0.132s] DEBUG:colcon:Parsed command line arguments: Namespace(log_base=None, log_level=None, verb_name='build', build_base='build', install_base='install', merge_install=False, symlink_install=False, test_result_base=None, continue_on_error=False, executor='parallel', parallel_workers=16, event_handlers=None, ignore_user_meta=False, metas=['./colcon.meta'], base_paths=['.'], packages_ignore=None, packages_ignore_regex=None, paths=None, packages_up_to=None, packages_up_to_regex=None, packages_above=None, packages_above_and_dependencies=None, packages_above_depth=None, packages_select_by_dep=None, packages_skip_by_dep=None, packages_skip_up_to=None, packages_select_build_failed=False, packages_skip_build_finished=False, packages_select_test_failures=False, packages_skip_test_passed=False, packages_select=['waypoint_counter'], packages_skip=None, packages_select_regex=None, packages_skip_regex=None, packages_start=None, packages_end=None, allow_overriding=[], cmake_args=None, cmake_target=None, cmake_target_skip_unavailable=False, cmake_clean_cache=False, cmake_clean_first=False, cmake_force_configure=False, ament_cmake_args=None, catkin_cmake_args=None, catkin_skip_building_tests=False, mixin_files=None, mixin=None, verb_parser=<colcon_mixin.mixin.mixin_argument.MixinArgumentDecorator object at 0x723ff6f83cd0>, verb_extension=<colcon_core.verb.build.BuildVerb object at 0x723ff6f82f20>, main=<bound method BuildVerb.main of <colcon_core.verb.build.BuildVerb object at 0x723ff6f82f20>>, mixin_verb=('build',))
[0.174s] Level 1:colcon.colcon_core.package_discovery:discover_packages(colcon_meta) check parameters
[0.174s] Level 1:colcon.colcon_core.package_discovery:discover_packages(recursive) check parameters
[0.175s] Level 1:colcon.colcon_core.package_discovery:discover_packages(ignore) check parameters
[0.175s] Level 1:colcon.colcon_core.package_discovery:discover_packages(path) check parameters
[0.175s] Level 1:colcon.colcon_core.package_discovery:discover_packages(colcon_meta) discover
[0.175s] Level 1:colcon.colcon_core.package_discovery:discover_packages(recursive) discover
[0.175s] INFO:colcon.colcon_core.package_discovery:Crawling recursively for packages in '/home/james/Documents/Iceberg/ModeSwitcher'
[0.175s] Level 1:colcon.colcon_core.package_identification:_identify(.) by extensions ['ignore', 'ignore_ament_install']
[0.175s] Level 1:colcon.colcon_core.package_identification:_identify(.) by extension 'ignore'
[0.175s] Level 1:colcon.colcon_core.package_identification:_identify(.) by extension 'ignore_ament_install'
[0.175s] Level 1:colcon.colcon_core.package_identification:_identify(.) by extensions ['colcon_pkg']
[0.175s] Level 1:colcon.colcon_core.package_identification:_identify(.) by extension 'colcon_pkg'
[0.175s] Level 1:colcon.colcon_core.package_identification:_identify(.) by extensions ['colcon_meta']
[0.175s] Level 1:colcon.colcon_core.package_identification:_identify(.) by extension 'colcon_meta'
[0.175s] Level 1:colcon.colcon_core.package_identification:_identify(.) by extensions ['ros']
[0.175s] Level 1:colcon.colcon_core.package_identification:_identify(.) by extension 'ros'
[0.194s] DEBUG:colcon.colcon_core.package_identification:Package '.' with type 'ros.catkin' and name 'waypoint_counter'
[0.194s] Level 1:colcon.colcon_core.package_discovery:discover_packages(recursive) using defaults
[0.194s] Level 1:colcon.colcon_core.package_discovery:discover_packages(ignore) discover
[0.194s] Level 1:colcon.colcon_core.package_discovery:discover_packages(ignore) using defaults
[0.194s] Level 1:colcon.colcon_core.package_discovery:discover_packages(path) discover
[0.194s] Level 1:colcon.colcon_core.package_discovery:discover_packages(path) using defaults
[0.216s] Level 1:colcon.colcon_core.package_discovery:discover_packages(prefix_path) check parameters
[0.217s] Level 1:colcon.colcon_core.package_discovery:discover_packages(prefix_path) discover
[0.218s] WARNING:colcon.colcon_ros.prefix_path.catkin:The path '/home/james/Documents/Iceberg/ModeSwitcher/install/waypoint_counter' in the environment variable CMAKE_PREFIX_PATH doesn't exist
[0.218s] DEBUG:colcon.colcon_installed_package_information.package_discovery:Found 0 installed packages in /home/james/Documents/Iceberg/ModeSwitcher/install
[0.220s] DEBUG:colcon.colcon_installed_package_information.package_discovery:Found 299 installed packages in /opt/ros/humble
[0.222s] Level 1:colcon.colcon_core.package_discovery:discover_packages(prefix_path) using defaults
[0.269s] Level 5:colcon.colcon_core.verb:set package 'waypoint_counter' build argument 'cmake_args' from command line to 'None'
[0.270s] Level 5:colcon.colcon_core.verb:set package 'waypoint_counter' build argument 'cmake_target' from command line to 'None'
[0.270s] Level 5:colcon.colcon_core.verb:set package 'waypoint_counter' build argument 'cmake_target_skip_unavailable' from command line to 'False'
[0.270s] Level 5:colcon.colcon_core.verb:set package 'waypoint_counter' build argument 'cmake_clean_cache' from command line to 'False'
[0.270s] Level 5:colcon.colcon_core.verb:set package 'waypoint_counter' build argument 'cmake_clean_first' from command line to 'False'
[0.270s] Level 5:colcon.colcon_core.verb:set package 'waypoint_counter' build argument 'cmake_force_configure' from command line to 'False'
[0.270s] Level 5:colcon.colcon_core.verb:set package 'waypoint_counter' build argument 'ament_cmake_args' from command line to 'None'
[0.270s] Level 5:colcon.colcon_core.verb:set package 'waypoint_counter' build argument 'catkin_cmake_args' from command line to 'None'
[0.270s] Level 5:colcon.colcon_core.verb:set package 'waypoint_counter' build argument 'catkin_skip_building_tests' from command line to 'False'
[0.270s] DEBUG:colcon.colcon_core.verb:Building package 'waypoint_counter' with the following arguments: {'ament_cmake_args': None, 'build_base': '/home/james/Documents/Iceberg/ModeSwitcher/build/waypoint_counter', 'catkin_cmake_args': None, 'catkin_skip_building_tests': False, 'cmake_args': None, 'cmake_clean_cache': False, 'cmake_clean_first': False, 'cmake_force_configure': False, 'cmake_target': None, 'cmake_target_skip_unavailable': False, 'install_base': '/home/james/Documents/Iceberg/ModeSwitcher/install/waypoint_counter', 'merge_install': False, 'path': '/home/james/Documents/Iceberg/ModeSwitcher', 'symlink_install': False, 'test_result_base': None}
[0.270s] INFO:colcon.colcon_core.executor:Executing jobs using 'parallel' executor
[0.271s] DEBUG:colcon.colcon_parallel_executor.executor.parallel:run_until_complete
[0.271s] INFO:colcon.colcon_ros.task.catkin.build:Building ROS package in '/home/james/Documents/Iceberg/ModeSwitcher' with build type 'catkin'
[0.272s] INFO:colcon.colcon_cmake.task.cmake.build:Building CMake package in '/home/james/Documents/Iceberg/ModeSwitcher'
[0.274s] INFO:colcon.colcon_core.plugin_system:Skipping extension 'colcon_core.shell.bat': Not used on non-Windows systems
[0.274s] INFO:colcon.colcon_core.shell:Skip shell extension 'powershell' for command environment: Not usable outside of PowerShell
[0.274s] DEBUG:colcon.colcon_core.shell:Skip shell extension 'dsv' for command environment
[0.286s] DEBUG:colcon.colcon_core.event_handler.log_command:Invoking command in '/home/james/Documents/Iceberg/ModeSwitcher/build/waypoint_counter': /usr/bin/cmake /home/james/Documents/Iceberg/ModeSwitcher -DCATKIN_INSTALL_INTO_PREFIX_ROOT=0 -DCMAKE_INSTALL_PREFIX=/home/james/Documents/Iceberg/ModeSwitcher/install/waypoint_counter
[1.964s] DEBUG:colcon.colcon_core.event_handler.log_command:Invoked command in '/home/james/Documents/Iceberg/ModeSwitcher/build/waypoint_counter' returned '0': /usr/bin/cmake /home/james/Documents/Iceberg/ModeSwitcher -DCATKIN_INSTALL_INTO_PREFIX_ROOT=0 -DCMAKE_INSTALL_PREFIX=/home/james/Documents/Iceberg/ModeSwitcher/install/waypoint_counter
[1.966s] DEBUG:colcon.colcon_core.event_handler.log_command:Invoking command in '/home/james/Documents/Iceberg/ModeSwitcher/build/waypoint_counter': /usr/bin/cmake --build /home/james/Documents/Iceberg/ModeSwitcher/build/waypoint_counter -- -j16 -l16
[2.484s] DEBUG:colcon.colcon_core.event_handler.log_command:Invoked command in '/home/james/Documents/Iceberg/ModeSwitcher/build/waypoint_counter' returned '0': /usr/bin/cmake --build /home/james/Documents/Iceberg/ModeSwitcher/build/waypoint_counter -- -j16 -l16
[2.493s] DEBUG:colcon.colcon_core.event_handler.log_command:Invoking command in '/home/james/Documents/Iceberg/ModeSwitcher/build/waypoint_counter': /usr/bin/cmake --install /home/james/Documents/Iceberg/ModeSwitcher/build/waypoint_counter
[2.507s] DEBUG:colcon.colcon_core.event_handler.log_command:Invoked command in '/home/james/Documents/Iceberg/ModeSwitcher/build/waypoint_counter' returned '0': /usr/bin/cmake --install /home/james/Documents/Iceberg/ModeSwitcher/build/waypoint_counter
[2.508s] Level 1:colcon.colcon_core.shell:create_environment_hook('waypoint_counter', 'ros_package_path')
[2.508s] INFO:colcon.colcon_core.shell:Creating environment hook '/home/james/Documents/Iceberg/ModeSwitcher/install/waypoint_counter/share/waypoint_counter/hook/ros_package_path.ps1'
[2.509s] INFO:colcon.colcon_core.shell:Creating environment descriptor '/home/james/Documents/Iceberg/ModeSwitcher/install/waypoint_counter/share/waypoint_counter/hook/ros_package_path.dsv'
[2.509s] INFO:colcon.colcon_core.shell:Creating environment hook '/home/james/Documents/Iceberg/ModeSwitcher/install/waypoint_counter/share/waypoint_counter/hook/ros_package_path.sh'
[2.510s] Level 1:colcon.colcon_core.shell:create_environment_hook('waypoint_counter', 'pkg_config_path')
[2.510s] INFO:colcon.colcon_core.shell:Creating environment hook '/home/james/Documents/Iceberg/ModeSwitcher/install/waypoint_counter/share/waypoint_counter/hook/pkg_config_path.ps1'
[2.510s] INFO:colcon.colcon_core.shell:Creating environment descriptor '/home/james/Documents/Iceberg/ModeSwitcher/install/waypoint_counter/share/waypoint_counter/hook/pkg_config_path.dsv'
[2.511s] INFO:colcon.colcon_core.shell:Creating environment hook '/home/james/Documents/Iceberg/ModeSwitcher/install/waypoint_counter/share/waypoint_counter/hook/pkg_config_path.sh'
[2.516s] Level 1:colcon.colcon_core.shell:create_environment_hook('waypoint_counter', 'pkg_config_path_multiarch')
[2.517s] INFO:colcon.colcon_core.shell:Creating environment hook '/home/james/Documents/Iceberg/ModeSwitcher/install/waypoint_counter/share/waypoint_counter/hook/pkg_config_path_multiarch.ps1'
[2.517s] INFO:colcon.colcon_core.shell:Creating environment descriptor '/home/james/Documents/Iceberg/ModeSwitcher/install/waypoint_counter/share/waypoint_counter/hook/pkg_config_path_multiarch.dsv'
[2.518s] INFO:colcon.colcon_core.shell:Creating environment hook '/home/james/Documents/Iceberg/ModeSwitcher/install/waypoint_counter/share/waypoint_counter/hook/pkg_config_path_multiarch.sh'
[2.519s] Level 1:colcon.colcon_core.environment:create_environment_scripts_only(waypoint_counter)
[2.522s] Level 1:colcon.colcon_core.environment:checking '/home/james/Documents/Iceberg/ModeSwitcher/install/waypoint_counter' for CMake module files
[2.522s] Level 1:colcon.colcon_core.environment:checking '/home/james/Documents/Iceberg/ModeSwitcher/install/waypoint_counter' for CMake config files
[2.522s] Level 1:colcon.colcon_core.shell:create_environment_hook('waypoint_counter', 'cmake_prefix_path')
[2.523s] INFO:colcon.colcon_core.shell:Creating environment hook '/home/james/Documents/Iceberg/ModeSwitcher/install/waypoint_counter/share/waypoint_counter/hook/cmake_prefix_path.ps1'
[2.523s] INFO:colcon.colcon_core.shell:Creating environment descriptor '/home/james/Documents/Iceberg/ModeSwitcher/install/waypoint_counter/share/waypoint_counter/hook/cmake_prefix_path.dsv'
[2.523s] INFO:colcon.colcon_core.shell:Creating environment hook '/home/james/Documents/Iceberg/ModeSwitcher/install/waypoint_counter/share/waypoint_counter/hook/cmake_prefix_path.sh'
[2.524s] Level 1:colcon.colcon_core.environment:checking '/home/james/Documents/Iceberg/ModeSwitcher/install/waypoint_counter/lib'
[2.524s] Level 1:colcon.colcon_core.environment:checking '/home/james/Documents/Iceberg/ModeSwitcher/install/waypoint_counter/bin'
[2.524s] Level 1:colcon.colcon_core.environment:checking '/home/james/Documents/Iceberg/ModeSwitcher/install/waypoint_counter/lib/pkgconfig/waypoint_counter.pc'
[2.525s] Level 1:colcon.colcon_core.environment:checking '/home/james/Documents/Iceberg/ModeSwitcher/install/waypoint_counter/lib/python3.10/site-packages'
[2.525s] Level 1:colcon.colcon_core.environment:checking '/home/james/Documents/Iceberg/ModeSwitcher/install/waypoint_counter/bin'
[2.525s] INFO:colcon.colcon_core.shell:Creating package script '/home/james/Documents/Iceberg/ModeSwitcher/install/waypoint_counter/share/waypoint_counter/package.ps1'
[2.526s] INFO:colcon.colcon_core.shell:Creating package descriptor '/home/james/Documents/Iceberg/ModeSwitcher/install/waypoint_counter/share/waypoint_counter/package.dsv'
[2.527s] INFO:colcon.colcon_core.shell:Creating package script '/home/james/Documents/Iceberg/ModeSwitcher/install/waypoint_counter/share/waypoint_counter/package.sh'
[2.528s] INFO:colcon.colcon_core.shell:Creating package script '/home/james/Documents/Iceberg/ModeSwitcher/install/waypoint_counter/share/waypoint_counter/package.bash'
[2.529s] INFO:colcon.colcon_core.shell:Creating package script '/home/james/Documents/Iceberg/ModeSwitcher/install/waypoint_counter/share/waypoint_counter/package.zsh'
[2.529s] Level 1:colcon.colcon_core.environment:create_file_with_runtime_dependencies(/home/james/Documents/Iceberg/ModeSwitcher/install/waypoint_counter/share/colcon-core/packages/waypoint_counter)
[2.530s] DEBUG:colcon.colcon_parallel_executor.executor.parallel:closing loop
[2.530s] DEBUG:colcon.colcon_parallel_executor.executor.parallel:loop closed
[2.530s] DEBUG:colcon.colcon_parallel_executor.executor.parallel:run_until_complete finished with '0'
[2.530s] DEBUG:colcon.colcon_core.event_reactor:joining thread
[2.537s] INFO:colcon.colcon_core.plugin_system:Skipping extension 'colcon_notification.desktop_notification.notify_send': Could not find 'notify-send'
[2.537s] INFO:colcon.colcon_core.plugin_system:Skipping extension 'colcon_notification.desktop_notification.terminal_notifier': Not used on non-Darwin systems
[2.537s] INFO:colcon.colcon_core.plugin_system:Skipping extension 'colcon_notification.desktop_notification.win32': Not used on non-Windows systems
[2.537s] INFO:colcon.colcon_notification.desktop_notification:Sending desktop notification using 'notify2'
[2.551s] DEBUG:colcon.colcon_core.event_reactor:joined thread
[2.551s] INFO:colcon.colcon_core.shell:Creating prefix script '/home/james/Documents/Iceberg/ModeSwitcher/install/local_setup.ps1'
[2.552s] INFO:colcon.colcon_core.shell:Creating prefix util module '/home/james/Documents/Iceberg/ModeSwitcher/install/_local_setup_util_ps1.py'
[2.554s] INFO:colcon.colcon_core.shell:Creating prefix chain script '/home/james/Documents/Iceberg/ModeSwitcher/install/setup.ps1'
[2.555s] INFO:colcon.colcon_core.shell:Creating prefix script '/home/james/Documents/Iceberg/ModeSwitcher/install/local_setup.sh'
[2.556s] INFO:colcon.colcon_core.shell:Creating prefix util module '/home/james/Documents/Iceberg/ModeSwitcher/install/_local_setup_util_sh.py'
[2.556s] INFO:colcon.colcon_core.shell:Creating prefix chain script '/home/james/Documents/Iceberg/ModeSwitcher/install/setup.sh'
[2.558s] INFO:colcon.colcon_core.shell:Creating prefix script '/home/james/Documents/Iceberg/ModeSwitcher/install/local_setup.bash'
[2.558s] INFO:colcon.colcon_core.shell:Creating prefix chain script '/home/james/Documents/Iceberg/ModeSwitcher/install/setup.bash'
[2.560s] INFO:colcon.colcon_core.shell:Creating prefix script '/home/james/Documents/Iceberg/ModeSwitcher/install/local_setup.zsh'
[2.560s] INFO:colcon.colcon_core.shell:Creating prefix chain script '/home/james/Documents/Iceberg/ModeSwitcher/install/setup.zsh'
