[0.017s] Invoking command in '/home/james/Documents/Iceberg/ModeSwitcher/build/waypoint_counter': CMAKE_PREFIX_PATH=/opt/ros/humble:${CMAKE_PREFIX_PATH} /usr/bin/cmake --build /home/james/Documents/Iceberg/ModeSwitcher/build/waypoint_counter -- -j16 -l16
[0.037s] -- Found ament_cmake: 1.3.11 (/opt/ros/humble/share/ament_cmake/cmake)
[0.165s] -- Found rclcpp: 16.0.11 (/opt/ros/humble/share/rclcpp/cmake)
[0.204s] -- Found rosidl_generator_c: 3.1.6 (/opt/ros/humble/share/rosidl_generator_c/cmake)
[0.206s] -- Found rosidl_adapter: 3.1.6 (/opt/ros/humble/share/rosidl_adapter/cmake)
[0.213s] -- Found rosidl_generator_cpp: 3.1.6 (/opt/ros/humble/share/rosidl_generator_cpp/cmake)
[0.225s] -- Using all available rosidl_typesupport_c: rosidl_typesupport_fastrtps_c;rosidl_typesupport_introspection_c
[0.240s] -- Using all available rosidl_typesupport_cpp: rosidl_typesupport_fastrtps_cpp;rosidl_typesupport_introspection_cpp
[0.278s] -- Found rmw_implementation_cmake: 6.1.2 (/opt/ros/humble/share/rmw_implementation_cmake/cmake)
[0.279s] -- Found rmw_fastrtps_cpp: 6.2.7 (/opt/ros/humble/share/rmw_fastrtps_cpp/cmake)
[0.437s] -- Using RMW implementation 'rmw_fastrtps_cpp' as default
[0.494s] -- Found mavros_msgs: 2.9.0 (/opt/ros/humble/share/mavros_msgs/cmake)
[0.672s] -- Configuring done
[0.688s] -- Generating done
[0.694s] -- Build files have been written to: /home/james/Documents/Iceberg/ModeSwitcher/build/waypoint_counter
[0.745s] [ 50%] [32mBuilding CXX object CMakeFiles/tracker.dir/src/tracker.cpp.o[0m
[6.561s] [01m[K/home/james/Documents/Iceberg/ModeSwitcher/src/tracker.cpp:82:2:[m[K [01;31m[Kerror: [m[Kexpected ‘[01m[K}[m[K’ at end of input
[6.561s]    82 | }
[6.561s]       |  [01;31m[K^[m[K
[6.561s] [01m[K/home/james/Documents/Iceberg/ModeSwitcher/src/tracker.cpp:8:1:[m[K [01;36m[Knote: [m[Kto match this ‘[01m[K{[m[K’
[6.561s]     8 | [01;36m[K{[m[K
[6.561s]       | [01;36m[K^[m[K
[6.561s] [01m[K/home/james/Documents/Iceberg/ModeSwitcher/src/tracker.cpp:[m[K In constructor ‘[01m[KWaypointCounter::WaypointCounter(int)[m[K’:
[6.561s] [01m[K/home/james/Documents/Iceberg/ModeSwitcher/src/tracker.cpp:10:52:[m[K [01;31m[Kerror: [m[Kclass ‘[01m[KWaypointCounter[m[K’ does not have any field named ‘[01m[Ktarget_wp_[m[K’
[6.561s]    10 |     WaypointCounter(int number) : Node("tracker"), [01;31m[Ktarget_wp_[m[K(number), wp_completed_count_(0)
[6.561s]       |                                                    [01;31m[K^~~~~~~~~~[m[K
[6.561s] [01m[K/home/james/Documents/Iceberg/ModeSwitcher/src/tracker.cpp:10:72:[m[K [01;31m[Kerror: [m[Kclass ‘[01m[KWaypointCounter[m[K’ does not have any field named ‘[01m[Kwp_completed_count_[m[K’
[6.562s]    10 |     WaypointCounter(int number) : Node("tracker"), target_wp_(number), [01;31m[Kwp_completed_count_[m[K(0)
[6.562s]       |                                                                        [01;31m[K^~~~~~~~~~~~~~~~~~~[m[K
[6.562s] In file included from [01m[K/opt/ros/humble/include/rclcpp/rclcpp/logging.hpp:24[m[K,
[6.562s]                  from [01m[K/opt/ros/humble/include/rclcpp/rclcpp/client.hpp:40[m[K,
[6.562s]                  from [01m[K/opt/ros/humble/include/rclcpp/rclcpp/callback_group.hpp:24[m[K,
[6.562s]                  from [01m[K/opt/ros/humble/include/rclcpp/rclcpp/any_executable.hpp:20[m[K,
[6.562s]                  from [01m[K/opt/ros/humble/include/rclcpp/rclcpp/memory_strategy.hpp:25[m[K,
[6.562s]                  from [01m[K/opt/ros/humble/include/rclcpp/rclcpp/memory_strategies.hpp:18[m[K,
[6.562s]                  from [01m[K/opt/ros/humble/include/rclcpp/rclcpp/executor_options.hpp:20[m[K,
[6.562s]                  from [01m[K/opt/ros/humble/include/rclcpp/rclcpp/executor.hpp:37[m[K,
[6.562s]                  from [01m[K/opt/ros/humble/include/rclcpp/rclcpp/executors/multi_threaded_executor.hpp:25[m[K,
[6.562s]                  from [01m[K/opt/ros/humble/include/rclcpp/rclcpp/executors.hpp:21[m[K,
[6.562s]                  from [01m[K/opt/ros/humble/include/rclcpp/rclcpp/rclcpp.hpp:155[m[K,
[6.562s]                  from [01m[K/home/james/Documents/Iceberg/ModeSwitcher/src/tracker.cpp:1[m[K:
[6.563s] [01m[K/home/james/Documents/Iceberg/ModeSwitcher/src/tracker.cpp:12:64:[m[K [01;31m[Kerror: [m[K‘[01m[Ktarget_wp_[m[K’ was not declared in this scope
[6.563s]    12 |         RCLCPP_INFO(this->get_logger(), "Total Waypoints: %d", [01;31m[Ktarget_wp_[m[K);
[6.563s]       |                                                                [01;31m[K^~~~~~~~~~[m[K
[6.563s] [01m[K/home/james/Documents/Iceberg/ModeSwitcher/src/tracker.cpp:15:9:[m[K [01;31m[Kerror: [m[K‘[01m[Kset_mode_client_[m[K’ was not declared in this scope
[6.563s]    15 |         [01;31m[Kset_mode_client_[m[K = this->create_client<mavros_msgs::srv::SetMode>("/mavros/set_mode");
[6.563s]       |         [01;31m[K^~~~~~~~~~~~~~~~[m[K
[6.563s] [01m[K/home/james/Documents/Iceberg/ModeSwitcher/src/tracker.cpp:18:9:[m[K [01;31m[Kerror: [m[K‘[01m[Kwp_reached_sub_[m[K’ was not declared in this scope
[6.563s]    18 |         [01;31m[Kwp_reached_sub_[m[K = this->create_subscription<mavros_msgs::msg::WaypointReached>(
[6.563s]       |         [01;31m[K^~~~~~~~~~~~~~~[m[K
[6.563s] [01m[K/home/james/Documents/Iceberg/ModeSwitcher/src/tracker.cpp:[m[K In member function ‘[01m[Kvoid WaypointCounter::wpReachedCallback(mavros_msgs::msg::WaypointReached_<std::allocator<void> >::SharedPtr)[m[K’:
[6.563s] [01m[K/home/james/Documents/Iceberg/ModeSwitcher/src/tracker.cpp:27:9:[m[K [01;31m[Kerror: [m[K‘[01m[Kwp_completed_count_[m[K’ was not declared in this scope
[6.563s]    27 |         [01;31m[Kwp_completed_count_[m[K++; // Increment count on waypoint reached
[6.563s]       |         [01;31m[K^~~~~~~~~~~~~~~~~~~[m[K
[6.564s] [01m[K/home/james/Documents/Iceberg/ModeSwitcher/src/tracker.cpp:32:28:[m[K [01;31m[Kerror: [m[K‘[01m[Ktarget_wp_[m[K’ was not declared in this scope
[6.564s]    32 |         if (msg->wp_seq == [01;31m[Ktarget_wp_[m[K)
[6.564s]       |                            [01;31m[K^~~~~~~~~~[m[K
[6.564s] [01m[K/home/james/Documents/Iceberg/ModeSwitcher/src/tracker.cpp:[m[K In member function ‘[01m[Kvoid WaypointCounter::switchToGuided()[m[K’:
[6.564s] [01m[K/home/james/Documents/Iceberg/ModeSwitcher/src/tracker.cpp:47:23:[m[K [01;31m[Kerror: [m[K‘[01m[Kmode_change_client_[m[K’ was not declared in this scope
[6.564s]    47 |         auto future = [01;31m[Kmode_change_client_[m[K->async_send_request(request,
[6.564s]       |                       [01;31m[K^~~~~~~~~~~~~~~~~~~[m[K
[6.564s] [01m[K/home/james/Documents/Iceberg/ModeSwitcher/src/tracker.cpp:60:9:[m[K [01;35m[Kwarning: [m[Kunused variable ‘[01m[Ktarget_wp_[m[K’ [[01;35m[K-Wunused-variable[m[K]
[6.564s]    60 |     int [01;35m[Ktarget_wp_[m[K;  // The input waypoint number to compare against
[6.564s]       |         [01;35m[K^~~~~~~~~~[m[K
[6.564s] [01m[K/home/james/Documents/Iceberg/ModeSwitcher/src/tracker.cpp:61:9:[m[K [01;35m[Kwarning: [m[Kunused variable ‘[01m[Kwp_completed_count_[m[K’ [[01;35m[K-Wunused-variable[m[K]
[6.564s]    61 |     int [01;35m[Kwp_completed_count_[m[K;  // Stores the count of waypoints reached
[6.564s]       |         [01;35m[K^~~~~~~~~~~~~~~~~~~[m[K
[6.564s] [01m[K/home/james/Documents/Iceberg/ModeSwitcher/src/tracker.cpp:[m[K At global scope:
[6.564s] [01m[K/home/james/Documents/Iceberg/ModeSwitcher/src/tracker.cpp:82:2:[m[K [01;31m[Kerror: [m[Kexpected unqualified-id at end of input
[6.564s]    82 | }
[6.565s]       |  [01;31m[K^[m[K
[6.565s] gmake[2]: *** [CMakeFiles/tracker.dir/build.make:76: CMakeFiles/tracker.dir/src/tracker.cpp.o] Error 1
[6.565s] gmake[1]: *** [CMakeFiles/Makefile2:137: CMakeFiles/tracker.dir/all] Error 2
[6.565s] gmake: *** [Makefile:146: all] Error 2
[6.566s] Invoked command in '/home/james/Documents/Iceberg/ModeSwitcher/build/waypoint_counter' returned '2': CMAKE_PREFIX_PATH=/opt/ros/humble:${CMAKE_PREFIX_PATH} /usr/bin/cmake --build /home/james/Documents/Iceberg/ModeSwitcher/build/waypoint_counter -- -j16 -l16
