-- Found ament_cmake: 1.3.11 (/opt/ros/humble/share/ament_cmake/cmake)
-- Found rclcpp: 16.0.11 (/opt/ros/humble/share/rclcpp/cmake)
-- Found rosidl_generator_c: 3.1.6 (/opt/ros/humble/share/rosidl_generator_c/cmake)
-- Found rosidl_adapter: 3.1.6 (/opt/ros/humble/share/rosidl_adapter/cmake)
-- Found rosidl_generator_cpp: 3.1.6 (/opt/ros/humble/share/rosidl_generator_cpp/cmake)
-- Using all available rosidl_typesupport_c: rosidl_typesupport_fastrtps_c;rosidl_typesupport_introspection_c
-- Using all available rosidl_typesupport_cpp: rosidl_typesupport_fastrtps_cpp;rosidl_typesupport_introspection_cpp
-- Found rmw_implementation_cmake: 6.1.2 (/opt/ros/humble/share/rmw_implementation_cmake/cmake)
-- Found rmw_fastrtps_cpp: 6.2.7 (/opt/ros/humble/share/rmw_fastrtps_cpp/cmake)
-- Using RMW implementation 'rmw_fastrtps_cpp' as default
-- Found mavros_msgs: 2.9.0 (/opt/ros/humble/share/mavros_msgs/cmake)
-- Configuring done
-- Generating done
-- Build files have been written to: /home/james/Documents/Iceberg/ModeSwitcher/build/waypoint_counter
[ 50%] [32mBuilding CXX object CMakeFiles/waypoint_counter.dir/src/tracker.cpp.o[0m
[100%] [32m[1mLinking CXX executable waypoint_counter[0m
[100%] Built target waypoint_counter
-- Install configuration: ""
-- Installing: /home/james/Documents/Iceberg/ModeSwitcher/install/waypoint_counter/lib/waypoint_counter/waypoint_counter
-- Set runtime path of "/home/james/Documents/Iceberg/ModeSwitcher/install/waypoint_counter/lib/waypoint_counter/waypoint_counter" to ""
-- Installing: /home/james/Documents/Iceberg/ModeSwitcher/install/waypoint_counter/share/ament_index/resource_index/package_run_dependencies/waypoint_counter
-- Installing: /home/james/Documents/Iceberg/ModeSwitcher/install/waypoint_counter/share/ament_index/resource_index/parent_prefix_path/waypoint_counter
-- Installing: /home/james/Documents/Iceberg/ModeSwitcher/install/waypoint_counter/share/waypoint_counter/environment/ament_prefix_path.sh
-- Installing: /home/james/Documents/Iceberg/ModeSwitcher/install/waypoint_counter/share/waypoint_counter/environment/ament_prefix_path.dsv
-- Installing: /home/james/Documents/Iceberg/ModeSwitcher/install/waypoint_counter/share/waypoint_counter/environment/path.sh
-- Installing: /home/james/Documents/Iceberg/ModeSwitcher/install/waypoint_counter/share/waypoint_counter/environment/path.dsv
-- Installing: /home/james/Documents/Iceberg/ModeSwitcher/install/waypoint_counter/share/waypoint_counter/local_setup.bash
-- Installing: /home/james/Documents/Iceberg/ModeSwitcher/install/waypoint_counter/share/waypoint_counter/local_setup.sh
-- Installing: /home/james/Documents/Iceberg/ModeSwitcher/install/waypoint_counter/share/waypoint_counter/local_setup.zsh
-- Installing: /home/james/Documents/Iceberg/ModeSwitcher/install/waypoint_counter/share/waypoint_counter/local_setup.dsv
-- Installing: /home/james/Documents/Iceberg/ModeSwitcher/install/waypoint_counter/share/waypoint_counter/package.dsv
-- Installing: /home/james/Documents/Iceberg/ModeSwitcher/install/waypoint_counter/share/ament_index/resource_index/packages/waypoint_counter
-- Installing: /home/james/Documents/Iceberg/ModeSwitcher/install/waypoint_counter/share/waypoint_counter/cmake/waypoint_counterConfig.cmake
-- Installing: /home/james/Documents/Iceberg/ModeSwitcher/install/waypoint_counter/share/waypoint_counter/cmake/waypoint_counterConfig-version.cmake
-- Installing: /home/james/Documents/Iceberg/ModeSwitcher/install/waypoint_counter/share/waypoint_counter/package.xml
