[0.014s] Invoking command in '/home/james/Documents/Iceberg/ModeSwitcher/build/waypoint_counter': /usr/bin/cmake /home/james/Documents/Iceberg/ModeSwitcher -DCATKIN_INSTALL_INTO_PREFIX_ROOT=0 -DCMAKE_INSTALL_PREFIX=/home/james/Documents/Iceberg/ModeSwitcher/install/waypoint_counter
[0.024s] -- Found ament_cmake: 1.3.11 (/opt/ros/humble/share/ament_cmake/cmake)
[0.143s] -- Found rclcpp: 16.0.11 (/opt/ros/humble/share/rclcpp/cmake)
[0.180s] -- Found rosidl_generator_c: 3.1.6 (/opt/ros/humble/share/rosidl_generator_c/cmake)
[0.182s] -- Found rosidl_adapter: 3.1.6 (/opt/ros/humble/share/rosidl_adapter/cmake)
[0.189s] -- Found rosidl_generator_cpp: 3.1.6 (/opt/ros/humble/share/rosidl_generator_cpp/cmake)
[0.200s] -- Using all available rosidl_typesupport_c: rosidl_typesupport_fastrtps_c;rosidl_typesupport_introspection_c
[0.216s] -- Using all available rosidl_typesupport_cpp: rosidl_typesupport_fastrtps_cpp;rosidl_typesupport_introspection_cpp
[0.255s] -- Found rmw_implementation_cmake: 6.1.2 (/opt/ros/humble/share/rmw_implementation_cmake/cmake)
[0.257s] -- Found rmw_fastrtps_cpp: 6.2.7 (/opt/ros/humble/share/rmw_fastrtps_cpp/cmake)
[0.404s] -- Using RMW implementation 'rmw_fastrtps_cpp' as default
[0.463s] -- Found mavros_msgs: 2.9.0 (/opt/ros/humble/share/mavros_msgs/cmake)
[0.633s] -- Configuring done
[0.648s] -- Generating done
[0.653s] -- Build files have been written to: /home/james/Documents/Iceberg/ModeSwitcher/build/waypoint_counter
[0.669s] Invoked command in '/home/james/Documents/Iceberg/ModeSwitcher/build/waypoint_counter' returned '0': /usr/bin/cmake /home/james/Documents/Iceberg/ModeSwitcher -DCATKIN_INSTALL_INTO_PREFIX_ROOT=0 -DCMAKE_INSTALL_PREFIX=/home/james/Documents/Iceberg/ModeSwitcher/install/waypoint_counter
[0.671s] Invoking command in '/home/james/Documents/Iceberg/ModeSwitcher/build/waypoint_counter': /usr/bin/cmake --build /home/james/Documents/Iceberg/ModeSwitcher/build/waypoint_counter -- -j16 -l16
[0.711s] [ 50%] [32mBuilding CXX object CMakeFiles/waypoint_counter.dir/src/tracker.cpp.o[0m
[10.207s] [100%] [32m[1mLinking CXX executable waypoint_counter[0m
[10.576s] [100%] Built target waypoint_counter
[10.587s] Invoked command in '/home/james/Documents/Iceberg/ModeSwitcher/build/waypoint_counter' returned '0': /usr/bin/cmake --build /home/james/Documents/Iceberg/ModeSwitcher/build/waypoint_counter -- -j16 -l16
[10.592s] Invoking command in '/home/james/Documents/Iceberg/ModeSwitcher/build/waypoint_counter': /usr/bin/cmake --install /home/james/Documents/Iceberg/ModeSwitcher/build/waypoint_counter
[10.594s] -- Install configuration: ""
[10.594s] -- Installing: /home/james/Documents/Iceberg/ModeSwitcher/install/waypoint_counter/lib/waypoint_counter/waypoint_counter
[10.598s] -- Set runtime path of "/home/james/Documents/Iceberg/ModeSwitcher/install/waypoint_counter/lib/waypoint_counter/waypoint_counter" to ""
[10.598s] -- Installing: /home/james/Documents/Iceberg/ModeSwitcher/install/waypoint_counter/share/ament_index/resource_index/package_run_dependencies/waypoint_counter
[10.598s] -- Installing: /home/james/Documents/Iceberg/ModeSwitcher/install/waypoint_counter/share/ament_index/resource_index/parent_prefix_path/waypoint_counter
[10.599s] -- Installing: /home/james/Documents/Iceberg/ModeSwitcher/install/waypoint_counter/share/waypoint_counter/environment/ament_prefix_path.sh
[10.599s] -- Installing: /home/james/Documents/Iceberg/ModeSwitcher/install/waypoint_counter/share/waypoint_counter/environment/ament_prefix_path.dsv
[10.599s] -- Installing: /home/james/Documents/Iceberg/ModeSwitcher/install/waypoint_counter/share/waypoint_counter/environment/path.sh
[10.599s] -- Installing: /home/james/Documents/Iceberg/ModeSwitcher/install/waypoint_counter/share/waypoint_counter/environment/path.dsv
[10.599s] -- Installing: /home/james/Documents/Iceberg/ModeSwitcher/install/waypoint_counter/share/waypoint_counter/local_setup.bash
[10.599s] -- Installing: /home/james/Documents/Iceberg/ModeSwitcher/install/waypoint_counter/share/waypoint_counter/local_setup.sh
[10.600s] -- Installing: /home/james/Documents/Iceberg/ModeSwitcher/install/waypoint_counter/share/waypoint_counter/local_setup.zsh
[10.600s] -- Installing: /home/james/Documents/Iceberg/ModeSwitcher/install/waypoint_counter/share/waypoint_counter/local_setup.dsv
[10.600s] -- Installing: /home/james/Documents/Iceberg/ModeSwitcher/install/waypoint_counter/share/waypoint_counter/package.dsv
[10.600s] -- Installing: /home/james/Documents/Iceberg/ModeSwitcher/install/waypoint_counter/share/ament_index/resource_index/packages/waypoint_counter
[10.600s] -- Installing: /home/james/Documents/Iceberg/ModeSwitcher/install/waypoint_counter/share/waypoint_counter/cmake/waypoint_counterConfig.cmake
[10.600s] -- Installing: /home/james/Documents/Iceberg/ModeSwitcher/install/waypoint_counter/share/waypoint_counter/cmake/waypoint_counterConfig-version.cmake
[10.600s] -- Installing: /home/james/Documents/Iceberg/ModeSwitcher/install/waypoint_counter/share/waypoint_counter/package.xml
[10.602s] Invoked command in '/home/james/Documents/Iceberg/ModeSwitcher/build/waypoint_counter' returned '0': /usr/bin/cmake --install /home/james/Documents/Iceberg/ModeSwitcher/build/waypoint_counter
