[0.016s] Invoking command in '/home/james/Documents/Iceberg/ModeSwitcher/build/waypoint_counter': /usr/bin/cmake --build /home/james/Documents/Iceberg/ModeSwitcher/build/waypoint_counter -- -j16 -l16
[0.036s] -- Found ament_cmake: 1.3.11 (/opt/ros/humble/share/ament_cmake/cmake)
[0.153s] -- Found rclcpp: 16.0.11 (/opt/ros/humble/share/rclcpp/cmake)
[0.189s] -- Found rosidl_generator_c: 3.1.6 (/opt/ros/humble/share/rosidl_generator_c/cmake)
[0.192s] -- Found rosidl_adapter: 3.1.6 (/opt/ros/humble/share/rosidl_adapter/cmake)
[0.199s] -- Found rosidl_generator_cpp: 3.1.6 (/opt/ros/humble/share/rosidl_generator_cpp/cmake)
[0.209s] -- Using all available rosidl_typesupport_c: rosidl_typesupport_fastrtps_c;rosidl_typesupport_introspection_c
[0.223s] -- Using all available rosidl_typesupport_cpp: rosidl_typesupport_fastrtps_cpp;rosidl_typesupport_introspection_cpp
[0.262s] -- Found rmw_implementation_cmake: 6.1.2 (/opt/ros/humble/share/rmw_implementation_cmake/cmake)
[0.264s] -- Found rmw_fastrtps_cpp: 6.2.7 (/opt/ros/humble/share/rmw_fastrtps_cpp/cmake)
[0.415s] -- Using RMW implementation 'rmw_fastrtps_cpp' as default
[0.473s] -- Found mavros_msgs: 2.9.0 (/opt/ros/humble/share/mavros_msgs/cmake)
[0.563s] [31mCMake Error at CMakeLists.txt:31 (target_compile_features):
[0.563s]   Cannot specify compile features for target "ModeSwitcher" which is not
[0.563s]   built by this project.
[0.563s] 
[0.563s] [0m
[0.564s] [31mCMake Error at CMakeLists.txt:34 (install):
[0.564s]   install TARGETS given target "ModeSwitcher" which does not exist.
[0.564s] 
[0.564s] [0m
[0.641s] [31mCMake Error at /opt/ros/humble/share/ament_cmake_core/cmake/core/ament_package_xml.cmake:53 (message):
[0.641s]   ament_package_xml() package name 'waypoint_counter' in '/package.xml' does
[0.641s]   not match current PROJECT_NAME 'ModeSwitcher'.  You must call project()
[0.641s]   with the same package name before.
[0.641s] Call Stack (most recent call first):
[0.641s]   /opt/ros/humble/share/ament_cmake_core/cmake/core/ament_package.cmake:63 (ament_package_xml)
[0.641s]   CMakeLists.txt:39 (ament_package)
[0.642s] 
[0.642s] [0m
[0.642s] -- Configuring incomplete, errors occurred!
[0.642s] See also "/home/james/Documents/Iceberg/ModeSwitcher/build/waypoint_counter/CMakeFiles/CMakeOutput.log".
[0.655s] gmake: *** [Makefile:267: cmake_check_build_system] Error 1
[0.659s] Invoked command in '/home/james/Documents/Iceberg/ModeSwitcher/build/waypoint_counter' returned '2': /usr/bin/cmake --build /home/james/Documents/Iceberg/ModeSwitcher/build/waypoint_counter -- -j16 -l16
