[0.015s] Invoking command in '/home/james/Documents/Iceberg/ModeSwitcher/build/waypoint_counter': CMAKE_PREFIX_PATH=/opt/ros/humble:${CMAKE_PREFIX_PATH} /usr/bin/cmake /home/james/Documents/Iceberg/ModeSwitcher -DCMAKE_INSTALL_PREFIX=/home/james/Documents/Iceberg/ModeSwitcher/install/waypoint_counter
[0.026s] -- Found ament_cmake: 1.3.11 (/opt/ros/humble/share/ament_cmake/cmake)
[0.149s] -- Found rclcpp: 16.0.11 (/opt/ros/humble/share/rclcpp/cmake)
[0.190s] -- Found rosidl_generator_c: 3.1.6 (/opt/ros/humble/share/rosidl_generator_c/cmake)
[0.193s] -- Found rosidl_adapter: 3.1.6 (/opt/ros/humble/share/rosidl_adapter/cmake)
[0.199s] -- Found rosidl_generator_cpp: 3.1.6 (/opt/ros/humble/share/rosidl_generator_cpp/cmake)
[0.211s] -- Using all available rosidl_typesupport_c: rosidl_typesupport_fastrtps_c;rosidl_typesupport_introspection_c
[0.226s] -- Using all available rosidl_typesupport_cpp: rosidl_typesupport_fastrtps_cpp;rosidl_typesupport_introspection_cpp
[0.262s] -- Found rmw_implementation_cmake: 6.1.2 (/opt/ros/humble/share/rmw_implementation_cmake/cmake)
[0.263s] -- Found rmw_fastrtps_cpp: 6.2.7 (/opt/ros/humble/share/rmw_fastrtps_cpp/cmake)
[0.418s] -- Using RMW implementation 'rmw_fastrtps_cpp' as default
[0.477s] -- Found mavros_msgs: 2.9.0 (/opt/ros/humble/share/mavros_msgs/cmake)
[0.655s] -- Configuring done
[0.671s] -- Generating done
[0.677s] -- Build files have been written to: /home/james/Documents/Iceberg/ModeSwitcher/build/waypoint_counter
[0.688s] Invoked command in '/home/james/Documents/Iceberg/ModeSwitcher/build/waypoint_counter' returned '0': CMAKE_PREFIX_PATH=/opt/ros/humble:${CMAKE_PREFIX_PATH} /usr/bin/cmake /home/james/Documents/Iceberg/ModeSwitcher -DCMAKE_INSTALL_PREFIX=/home/james/Documents/Iceberg/ModeSwitcher/install/waypoint_counter
[0.691s] Invoking command in '/home/james/Documents/Iceberg/ModeSwitcher/build/waypoint_counter': CMAKE_PREFIX_PATH=/opt/ros/humble:${CMAKE_PREFIX_PATH} /usr/bin/cmake --build /home/james/Documents/Iceberg/ModeSwitcher/build/waypoint_counter -- -j16 -l16
[0.731s] [ 50%] [32mBuilding CXX object CMakeFiles/tracker.dir/src/tracker.cpp.o[0m
[10.289s] [100%] [32m[1mLinking CXX executable tracker[0m
[10.587s] [100%] Built target tracker
[10.598s] Invoked command in '/home/james/Documents/Iceberg/ModeSwitcher/build/waypoint_counter' returned '0': CMAKE_PREFIX_PATH=/opt/ros/humble:${CMAKE_PREFIX_PATH} /usr/bin/cmake --build /home/james/Documents/Iceberg/ModeSwitcher/build/waypoint_counter -- -j16 -l16
[10.603s] Invoking command in '/home/james/Documents/Iceberg/ModeSwitcher/build/waypoint_counter': CMAKE_PREFIX_PATH=/opt/ros/humble:${CMAKE_PREFIX_PATH} /usr/bin/cmake --install /home/james/Documents/Iceberg/ModeSwitcher/build/waypoint_counter
[10.605s] -- Install configuration: ""
[10.605s] -- Installing: /home/james/Documents/Iceberg/ModeSwitcher/install/waypoint_counter/lib/waypoint_counter/tracker
[10.609s] -- Set runtime path of "/home/james/Documents/Iceberg/ModeSwitcher/install/waypoint_counter/lib/waypoint_counter/tracker" to ""
[10.609s] -- Up-to-date: /home/james/Documents/Iceberg/ModeSwitcher/install/waypoint_counter/share/ament_index/resource_index/package_run_dependencies/waypoint_counter
[10.609s] -- Installing: /home/james/Documents/Iceberg/ModeSwitcher/install/waypoint_counter/share/ament_index/resource_index/parent_prefix_path/waypoint_counter
[10.609s] -- Up-to-date: /home/james/Documents/Iceberg/ModeSwitcher/install/waypoint_counter/share/waypoint_counter/environment/ament_prefix_path.sh
[10.609s] -- Installing: /home/james/Documents/Iceberg/ModeSwitcher/install/waypoint_counter/share/waypoint_counter/environment/ament_prefix_path.dsv
[10.609s] -- Up-to-date: /home/james/Documents/Iceberg/ModeSwitcher/install/waypoint_counter/share/waypoint_counter/environment/path.sh
[10.609s] -- Installing: /home/james/Documents/Iceberg/ModeSwitcher/install/waypoint_counter/share/waypoint_counter/environment/path.dsv
[10.609s] -- Up-to-date: /home/james/Documents/Iceberg/ModeSwitcher/install/waypoint_counter/share/waypoint_counter/local_setup.bash
[10.609s] -- Up-to-date: /home/james/Documents/Iceberg/ModeSwitcher/install/waypoint_counter/share/waypoint_counter/local_setup.sh
[10.610s] -- Up-to-date: /home/james/Documents/Iceberg/ModeSwitcher/install/waypoint_counter/share/waypoint_counter/local_setup.zsh
[10.610s] -- Installing: /home/james/Documents/Iceberg/ModeSwitcher/install/waypoint_counter/share/waypoint_counter/local_setup.dsv
[10.610s] -- Installing: /home/james/Documents/Iceberg/ModeSwitcher/install/waypoint_counter/share/waypoint_counter/package.dsv
[10.610s] -- Up-to-date: /home/james/Documents/Iceberg/ModeSwitcher/install/waypoint_counter/share/ament_index/resource_index/packages/waypoint_counter
[10.610s] -- Up-to-date: /home/james/Documents/Iceberg/ModeSwitcher/install/waypoint_counter/share/waypoint_counter/cmake/waypoint_counterConfig.cmake
[10.610s] -- Up-to-date: /home/james/Documents/Iceberg/ModeSwitcher/install/waypoint_counter/share/waypoint_counter/cmake/waypoint_counterConfig-version.cmake
[10.610s] -- Installing: /home/james/Documents/Iceberg/ModeSwitcher/install/waypoint_counter/share/waypoint_counter/package.xml
[10.611s] Invoked command in '/home/james/Documents/Iceberg/ModeSwitcher/build/waypoint_counter' returned '0': CMAKE_PREFIX_PATH=/opt/ros/humble:${CMAKE_PREFIX_PATH} /usr/bin/cmake --install /home/james/Documents/Iceberg/ModeSwitcher/build/waypoint_counter
