[0.148s] DEBUG:colcon:Command line arguments: ['/usr/bin/colcon', 'build']
[0.148s] DEBUG:colcon:Parsed command line arguments: Namespace(log_base=None, log_level=None, verb_name='build', build_base='build', install_base='install', merge_install=False, symlink_install=False, test_result_base=None, continue_on_error=False, executor='parallel', parallel_workers=16, event_handlers=None, ignore_user_meta=False, metas=['./colcon.meta'], base_paths=['.'], packages_ignore=None, packages_ignore_regex=None, paths=None, packages_up_to=None, packages_up_to_regex=None, packages_above=None, packages_above_and_dependencies=None, packages_above_depth=None, packages_select_by_dep=None, packages_skip_by_dep=None, packages_skip_up_to=None, packages_select_build_failed=False, packages_skip_build_finished=False, packages_select_test_failures=False, packages_skip_test_passed=False, packages_select=None, packages_skip=None, packages_select_regex=None, packages_skip_regex=None, packages_start=None, packages_end=None, allow_overriding=[], cmake_args=None, cmake_target=None, cmake_target_skip_unavailable=False, cmake_clean_cache=False, cmake_clean_first=False, cmake_force_configure=False, ament_cmake_args=None, catkin_cmake_args=None, catkin_skip_building_tests=False, mixin_files=None, mixin=None, verb_parser=<colcon_mixin.mixin.mixin_argument.MixinArgumentDecorator object at 0x77068992fc70>, verb_extension=<colcon_core.verb.build.BuildVerb object at 0x77068992eec0>, main=<bound method BuildVerb.main of <colcon_core.verb.build.BuildVerb object at 0x77068992eec0>>, mixin_verb=('build',))
[0.190s] Level 1:colcon.colcon_core.package_discovery:discover_packages(colcon_meta) check parameters
[0.190s] Level 1:colcon.colcon_core.package_discovery:discover_packages(recursive) check parameters
[0.190s] Level 1:colcon.colcon_core.package_discovery:discover_packages(ignore) check parameters
[0.190s] Level 1:colcon.colcon_core.package_discovery:discover_packages(path) check parameters
[0.190s] Level 1:colcon.colcon_core.package_discovery:discover_packages(colcon_meta) discover
[0.190s] Level 1:colcon.colcon_core.package_discovery:discover_packages(recursive) discover
[0.190s] INFO:colcon.colcon_core.package_discovery:Crawling recursively for packages in '/home/james/Documents/Iceberg/ModeSwitcher'
[0.190s] Level 1:colcon.colcon_core.package_identification:_identify(.) by extensions ['ignore', 'ignore_ament_install']
[0.191s] Level 1:colcon.colcon_core.package_identification:_identify(.) by extension 'ignore'
[0.191s] Level 1:colcon.colcon_core.package_identification:_identify(.) by extension 'ignore_ament_install'
[0.191s] Level 1:colcon.colcon_core.package_identification:_identify(.) by extensions ['colcon_pkg']
[0.191s] Level 1:colcon.colcon_core.package_identification:_identify(.) by extension 'colcon_pkg'
[0.191s] Level 1:colcon.colcon_core.package_identification:_identify(.) by extensions ['colcon_meta']
[0.191s] Level 1:colcon.colcon_core.package_identification:_identify(.) by extension 'colcon_meta'
[0.191s] Level 1:colcon.colcon_core.package_identification:_identify(.) by extensions ['ros']
[0.191s] Level 1:colcon.colcon_core.package_identification:_identify(.) by extension 'ros'
[0.209s] DEBUG:colcon.colcon_core.package_identification:Package '.' with type 'ros.ament_cmake' and name 'waypoint_counter'
[0.209s] Level 1:colcon.colcon_core.package_discovery:discover_packages(recursive) using defaults
[0.209s] Level 1:colcon.colcon_core.package_discovery:discover_packages(ignore) discover
[0.209s] Level 1:colcon.colcon_core.package_discovery:discover_packages(ignore) using defaults
[0.210s] Level 1:colcon.colcon_core.package_discovery:discover_packages(path) discover
[0.210s] Level 1:colcon.colcon_core.package_discovery:discover_packages(path) using defaults
[0.232s] Level 1:colcon.colcon_core.package_discovery:discover_packages(prefix_path) check parameters
[0.232s] Level 1:colcon.colcon_core.package_discovery:discover_packages(prefix_path) discover
[0.234s] DEBUG:colcon.colcon_installed_package_information.package_discovery:Found 1 installed packages in /home/james/Documents/Iceberg/ros2_ws/install
[0.235s] DEBUG:colcon.colcon_installed_package_information.package_discovery:Found 1 installed packages in /home/james/Documents/Iceberg/ModeSwitcher/install
[0.235s] DEBUG:colcon.colcon_installed_package_information.package_discovery:Found 1 installed packages in /home/james/Documents/Iceberg/path_planner/install
[0.237s] DEBUG:colcon.colcon_installed_package_information.package_discovery:Found 299 installed packages in /opt/ros/humble
[0.239s] Level 1:colcon.colcon_core.package_discovery:discover_packages(prefix_path) using defaults
[0.284s] Level 5:colcon.colcon_core.verb:set package 'waypoint_counter' build argument 'cmake_args' from command line to 'None'
[0.284s] Level 5:colcon.colcon_core.verb:set package 'waypoint_counter' build argument 'cmake_target' from command line to 'None'
[0.284s] Level 5:colcon.colcon_core.verb:set package 'waypoint_counter' build argument 'cmake_target_skip_unavailable' from command line to 'False'
[0.284s] Level 5:colcon.colcon_core.verb:set package 'waypoint_counter' build argument 'cmake_clean_cache' from command line to 'False'
[0.284s] Level 5:colcon.colcon_core.verb:set package 'waypoint_counter' build argument 'cmake_clean_first' from command line to 'False'
[0.284s] Level 5:colcon.colcon_core.verb:set package 'waypoint_counter' build argument 'cmake_force_configure' from command line to 'False'
[0.285s] Level 5:colcon.colcon_core.verb:set package 'waypoint_counter' build argument 'ament_cmake_args' from command line to 'None'
[0.285s] Level 5:colcon.colcon_core.verb:set package 'waypoint_counter' build argument 'catkin_cmake_args' from command line to 'None'
[0.285s] Level 5:colcon.colcon_core.verb:set package 'waypoint_counter' build argument 'catkin_skip_building_tests' from command line to 'False'
[0.285s] DEBUG:colcon.colcon_core.verb:Building package 'waypoint_counter' with the following arguments: {'ament_cmake_args': None, 'build_base': '/home/james/Documents/Iceberg/ModeSwitcher/build/waypoint_counter', 'catkin_cmake_args': None, 'catkin_skip_building_tests': False, 'cmake_args': None, 'cmake_clean_cache': False, 'cmake_clean_first': False, 'cmake_force_configure': False, 'cmake_target': None, 'cmake_target_skip_unavailable': False, 'install_base': '/home/james/Documents/Iceberg/ModeSwitcher/install/waypoint_counter', 'merge_install': False, 'path': '/home/james/Documents/Iceberg/ModeSwitcher', 'symlink_install': False, 'test_result_base': None}
[0.285s] INFO:colcon.colcon_core.executor:Executing jobs using 'parallel' executor
[0.286s] DEBUG:colcon.colcon_parallel_executor.executor.parallel:run_until_complete
[0.286s] INFO:colcon.colcon_ros.task.ament_cmake.build:Building ROS package in '/home/james/Documents/Iceberg/ModeSwitcher' with build type 'ament_cmake'
[0.287s] INFO:colcon.colcon_cmake.task.cmake.build:Building CMake package in '/home/james/Documents/Iceberg/ModeSwitcher'
[0.289s] INFO:colcon.colcon_core.plugin_system:Skipping extension 'colcon_core.shell.bat': Not used on non-Windows systems
[0.289s] INFO:colcon.colcon_core.shell:Skip shell extension 'powershell' for command environment: Not usable outside of PowerShell
[0.289s] DEBUG:colcon.colcon_core.shell:Skip shell extension 'dsv' for command environment
[0.303s] DEBUG:colcon.colcon_core.event_handler.log_command:Invoking command in '/home/james/Documents/Iceberg/ModeSwitcher/build/waypoint_counter': CMAKE_PREFIX_PATH=/opt/ros/humble:${CMAKE_PREFIX_PATH} /usr/bin/cmake /home/james/Documents/Iceberg/ModeSwitcher -DCMAKE_INSTALL_PREFIX=/home/james/Documents/Iceberg/ModeSwitcher/install/waypoint_counter
[0.976s] DEBUG:colcon.colcon_core.event_handler.log_command:Invoked command in '/home/james/Documents/Iceberg/ModeSwitcher/build/waypoint_counter' returned '0': CMAKE_PREFIX_PATH=/opt/ros/humble:${CMAKE_PREFIX_PATH} /usr/bin/cmake /home/james/Documents/Iceberg/ModeSwitcher -DCMAKE_INSTALL_PREFIX=/home/james/Documents/Iceberg/ModeSwitcher/install/waypoint_counter
[0.978s] DEBUG:colcon.colcon_core.event_handler.log_command:Invoking command in '/home/james/Documents/Iceberg/ModeSwitcher/build/waypoint_counter': CMAKE_PREFIX_PATH=/opt/ros/humble:${CMAKE_PREFIX_PATH} /usr/bin/cmake --build /home/james/Documents/Iceberg/ModeSwitcher/build/waypoint_counter -- -j16 -l16
[10.885s] DEBUG:colcon.colcon_core.event_handler.log_command:Invoked command in '/home/james/Documents/Iceberg/ModeSwitcher/build/waypoint_counter' returned '0': CMAKE_PREFIX_PATH=/opt/ros/humble:${CMAKE_PREFIX_PATH} /usr/bin/cmake --build /home/james/Documents/Iceberg/ModeSwitcher/build/waypoint_counter -- -j16 -l16
[10.890s] DEBUG:colcon.colcon_core.event_handler.log_command:Invoking command in '/home/james/Documents/Iceberg/ModeSwitcher/build/waypoint_counter': CMAKE_PREFIX_PATH=/opt/ros/humble:${CMAKE_PREFIX_PATH} /usr/bin/cmake --install /home/james/Documents/Iceberg/ModeSwitcher/build/waypoint_counter
[10.898s] Level 1:colcon.colcon_core.environment:create_environment_scripts_only(waypoint_counter)
[10.898s] DEBUG:colcon.colcon_core.event_handler.log_command:Invoked command in '/home/james/Documents/Iceberg/ModeSwitcher/build/waypoint_counter' returned '0': CMAKE_PREFIX_PATH=/opt/ros/humble:${CMAKE_PREFIX_PATH} /usr/bin/cmake --install /home/james/Documents/Iceberg/ModeSwitcher/build/waypoint_counter
[10.900s] Level 1:colcon.colcon_core.environment:checking '/home/james/Documents/Iceberg/ModeSwitcher/install/waypoint_counter' for CMake module files
[10.900s] Level 1:colcon.colcon_core.environment:checking '/home/james/Documents/Iceberg/ModeSwitcher/install/waypoint_counter' for CMake config files
[10.901s] Level 1:colcon.colcon_core.shell:create_environment_hook('waypoint_counter', 'cmake_prefix_path')
[10.901s] INFO:colcon.colcon_core.shell:Creating environment hook '/home/james/Documents/Iceberg/ModeSwitcher/install/waypoint_counter/share/waypoint_counter/hook/cmake_prefix_path.ps1'
[10.901s] INFO:colcon.colcon_core.shell:Creating environment descriptor '/home/james/Documents/Iceberg/ModeSwitcher/install/waypoint_counter/share/waypoint_counter/hook/cmake_prefix_path.dsv'
[10.901s] INFO:colcon.colcon_core.shell:Creating environment hook '/home/james/Documents/Iceberg/ModeSwitcher/install/waypoint_counter/share/waypoint_counter/hook/cmake_prefix_path.sh'
[10.902s] Level 1:colcon.colcon_core.environment:checking '/home/james/Documents/Iceberg/ModeSwitcher/install/waypoint_counter/lib'
[10.902s] Level 1:colcon.colcon_core.environment:checking '/home/james/Documents/Iceberg/ModeSwitcher/install/waypoint_counter/bin'
[10.902s] Level 1:colcon.colcon_core.environment:checking '/home/james/Documents/Iceberg/ModeSwitcher/install/waypoint_counter/lib/pkgconfig/waypoint_counter.pc'
[10.902s] Level 1:colcon.colcon_core.environment:checking '/home/james/Documents/Iceberg/ModeSwitcher/install/waypoint_counter/lib/python3.10/site-packages'
[10.903s] Level 1:colcon.colcon_core.environment:checking '/home/james/Documents/Iceberg/ModeSwitcher/install/waypoint_counter/bin'
[10.903s] INFO:colcon.colcon_core.shell:Creating package script '/home/james/Documents/Iceberg/ModeSwitcher/install/waypoint_counter/share/waypoint_counter/package.ps1'
[10.903s] INFO:colcon.colcon_core.shell:Creating package descriptor '/home/james/Documents/Iceberg/ModeSwitcher/install/waypoint_counter/share/waypoint_counter/package.dsv'
[10.904s] INFO:colcon.colcon_core.shell:Creating package script '/home/james/Documents/Iceberg/ModeSwitcher/install/waypoint_counter/share/waypoint_counter/package.sh'
[10.904s] INFO:colcon.colcon_core.shell:Creating package script '/home/james/Documents/Iceberg/ModeSwitcher/install/waypoint_counter/share/waypoint_counter/package.bash'
[10.905s] INFO:colcon.colcon_core.shell:Creating package script '/home/james/Documents/Iceberg/ModeSwitcher/install/waypoint_counter/share/waypoint_counter/package.zsh'
[10.905s] Level 1:colcon.colcon_core.environment:create_file_with_runtime_dependencies(/home/james/Documents/Iceberg/ModeSwitcher/install/waypoint_counter/share/colcon-core/packages/waypoint_counter)
[10.906s] Level 1:colcon.colcon_core.environment:create_environment_scripts_only(waypoint_counter)
[10.906s] Level 1:colcon.colcon_core.environment:checking '/home/james/Documents/Iceberg/ModeSwitcher/install/waypoint_counter' for CMake module files
[10.906s] Level 1:colcon.colcon_core.environment:checking '/home/james/Documents/Iceberg/ModeSwitcher/install/waypoint_counter' for CMake config files
[10.906s] Level 1:colcon.colcon_core.shell:create_environment_hook('waypoint_counter', 'cmake_prefix_path')
[10.907s] INFO:colcon.colcon_core.shell:Creating environment hook '/home/james/Documents/Iceberg/ModeSwitcher/install/waypoint_counter/share/waypoint_counter/hook/cmake_prefix_path.ps1'
[10.907s] INFO:colcon.colcon_core.shell:Creating environment descriptor '/home/james/Documents/Iceberg/ModeSwitcher/install/waypoint_counter/share/waypoint_counter/hook/cmake_prefix_path.dsv'
[10.907s] INFO:colcon.colcon_core.shell:Creating environment hook '/home/james/Documents/Iceberg/ModeSwitcher/install/waypoint_counter/share/waypoint_counter/hook/cmake_prefix_path.sh'
[10.907s] Level 1:colcon.colcon_core.environment:checking '/home/james/Documents/Iceberg/ModeSwitcher/install/waypoint_counter/lib'
[10.908s] Level 1:colcon.colcon_core.environment:checking '/home/james/Documents/Iceberg/ModeSwitcher/install/waypoint_counter/bin'
[10.908s] Level 1:colcon.colcon_core.environment:checking '/home/james/Documents/Iceberg/ModeSwitcher/install/waypoint_counter/lib/pkgconfig/waypoint_counter.pc'
[10.908s] Level 1:colcon.colcon_core.environment:checking '/home/james/Documents/Iceberg/ModeSwitcher/install/waypoint_counter/lib/python3.10/site-packages'
[10.908s] Level 1:colcon.colcon_core.environment:checking '/home/james/Documents/Iceberg/ModeSwitcher/install/waypoint_counter/bin'
[10.908s] INFO:colcon.colcon_core.shell:Creating package script '/home/james/Documents/Iceberg/ModeSwitcher/install/waypoint_counter/share/waypoint_counter/package.ps1'
[10.908s] INFO:colcon.colcon_core.shell:Creating package descriptor '/home/james/Documents/Iceberg/ModeSwitcher/install/waypoint_counter/share/waypoint_counter/package.dsv'
[10.909s] INFO:colcon.colcon_core.shell:Creating package script '/home/james/Documents/Iceberg/ModeSwitcher/install/waypoint_counter/share/waypoint_counter/package.sh'
[10.909s] INFO:colcon.colcon_core.shell:Creating package script '/home/james/Documents/Iceberg/ModeSwitcher/install/waypoint_counter/share/waypoint_counter/package.bash'
[10.909s] INFO:colcon.colcon_core.shell:Creating package script '/home/james/Documents/Iceberg/ModeSwitcher/install/waypoint_counter/share/waypoint_counter/package.zsh'
[10.910s] Level 1:colcon.colcon_core.environment:create_file_with_runtime_dependencies(/home/james/Documents/Iceberg/ModeSwitcher/install/waypoint_counter/share/colcon-core/packages/waypoint_counter)
[10.910s] DEBUG:colcon.colcon_parallel_executor.executor.parallel:closing loop
[10.910s] DEBUG:colcon.colcon_parallel_executor.executor.parallel:loop closed
[10.910s] DEBUG:colcon.colcon_parallel_executor.executor.parallel:run_until_complete finished with '0'
[10.910s] DEBUG:colcon.colcon_core.event_reactor:joining thread
[10.914s] INFO:colcon.colcon_core.plugin_system:Skipping extension 'colcon_notification.desktop_notification.notify_send': Could not find 'notify-send'
[10.914s] INFO:colcon.colcon_core.plugin_system:Skipping extension 'colcon_notification.desktop_notification.terminal_notifier': Not used on non-Darwin systems
[10.914s] INFO:colcon.colcon_core.plugin_system:Skipping extension 'colcon_notification.desktop_notification.win32': Not used on non-Windows systems
[10.914s] INFO:colcon.colcon_notification.desktop_notification:Sending desktop notification using 'notify2'
[10.924s] DEBUG:colcon.colcon_core.event_reactor:joined thread
[10.924s] INFO:colcon.colcon_core.shell:Creating prefix script '/home/james/Documents/Iceberg/ModeSwitcher/install/local_setup.ps1'
[10.925s] INFO:colcon.colcon_core.shell:Creating prefix util module '/home/james/Documents/Iceberg/ModeSwitcher/install/_local_setup_util_ps1.py'
[10.926s] INFO:colcon.colcon_core.shell:Creating prefix chain script '/home/james/Documents/Iceberg/ModeSwitcher/install/setup.ps1'
[10.927s] INFO:colcon.colcon_core.shell:Creating prefix script '/home/james/Documents/Iceberg/ModeSwitcher/install/local_setup.sh'
[10.928s] INFO:colcon.colcon_core.shell:Creating prefix util module '/home/james/Documents/Iceberg/ModeSwitcher/install/_local_setup_util_sh.py'
[10.928s] INFO:colcon.colcon_core.shell:Creating prefix chain script '/home/james/Documents/Iceberg/ModeSwitcher/install/setup.sh'
[10.929s] INFO:colcon.colcon_core.shell:Creating prefix script '/home/james/Documents/Iceberg/ModeSwitcher/install/local_setup.bash'
[10.929s] INFO:colcon.colcon_core.shell:Creating prefix chain script '/home/james/Documents/Iceberg/ModeSwitcher/install/setup.bash'
[10.930s] INFO:colcon.colcon_core.shell:Creating prefix script '/home/james/Documents/Iceberg/ModeSwitcher/install/local_setup.zsh'
[10.931s] INFO:colcon.colcon_core.shell:Creating prefix chain script '/home/james/Documents/Iceberg/ModeSwitcher/install/setup.zsh'
