[0.141s] DEBUG:colcon:Command line arguments: ['/usr/bin/colcon', 'build']
[0.141s] DEBUG:colcon:Parsed command line arguments: Namespace(log_base=None, log_level=None, verb_name='build', build_base='build', install_base='install', merge_install=False, symlink_install=False, test_result_base=None, continue_on_error=False, executor='parallel', parallel_workers=16, event_handlers=None, ignore_user_meta=False, metas=['./colcon.meta'], base_paths=['.'], packages_ignore=None, packages_ignore_regex=None, paths=None, packages_up_to=None, packages_up_to_regex=None, packages_above=None, packages_above_and_dependencies=None, packages_above_depth=None, packages_select_by_dep=None, packages_skip_by_dep=None, packages_skip_up_to=None, packages_select_build_failed=False, packages_skip_build_finished=False, packages_select_test_failures=False, packages_skip_test_passed=False, packages_select=None, packages_skip=None, packages_select_regex=None, packages_skip_regex=None, packages_start=None, packages_end=None, allow_overriding=[], cmake_args=None, cmake_target=None, cmake_target_skip_unavailable=False, cmake_clean_cache=False, cmake_clean_first=False, cmake_force_configure=False, ament_cmake_args=None, catkin_cmake_args=None, catkin_skip_building_tests=False, mixin_files=None, mixin=None, verb_parser=<colcon_mixin.mixin.mixin_argument.MixinArgumentDecorator object at 0x7374e7c8fc70>, verb_extension=<colcon_core.verb.build.BuildVerb object at 0x7374e7c8eec0>, main=<bound method BuildVerb.main of <colcon_core.verb.build.BuildVerb object at 0x7374e7c8eec0>>, mixin_verb=('build',))
[0.184s] Level 1:colcon.colcon_core.package_discovery:discover_packages(colcon_meta) check parameters
[0.184s] Level 1:colcon.colcon_core.package_discovery:discover_packages(recursive) check parameters
[0.184s] Level 1:colcon.colcon_core.package_discovery:discover_packages(ignore) check parameters
[0.184s] Level 1:colcon.colcon_core.package_discovery:discover_packages(path) check parameters
[0.184s] Level 1:colcon.colcon_core.package_discovery:discover_packages(colcon_meta) discover
[0.184s] Level 1:colcon.colcon_core.package_discovery:discover_packages(recursive) discover
[0.184s] INFO:colcon.colcon_core.package_discovery:Crawling recursively for packages in '/home/james/Documents/Iceberg/ModeSwitcher'
[0.184s] Level 1:colcon.colcon_core.package_identification:_identify(.) by extensions ['ignore', 'ignore_ament_install']
[0.184s] Level 1:colcon.colcon_core.package_identification:_identify(.) by extension 'ignore'
[0.184s] Level 1:colcon.colcon_core.package_identification:_identify(.) by extension 'ignore_ament_install'
[0.185s] Level 1:colcon.colcon_core.package_identification:_identify(.) by extensions ['colcon_pkg']
[0.185s] Level 1:colcon.colcon_core.package_identification:_identify(.) by extension 'colcon_pkg'
[0.185s] Level 1:colcon.colcon_core.package_identification:_identify(.) by extensions ['colcon_meta']
[0.185s] Level 1:colcon.colcon_core.package_identification:_identify(.) by extension 'colcon_meta'
[0.185s] Level 1:colcon.colcon_core.package_identification:_identify(.) by extensions ['ros']
[0.185s] Level 1:colcon.colcon_core.package_identification:_identify(.) by extension 'ros'
[0.204s] DEBUG:colcon.colcon_core.package_identification:Package '.' with type 'ros.catkin' and name 'waypoint_counter'
[0.204s] Level 1:colcon.colcon_core.package_discovery:discover_packages(recursive) using defaults
[0.204s] Level 1:colcon.colcon_core.package_discovery:discover_packages(ignore) discover
[0.204s] Level 1:colcon.colcon_core.package_discovery:discover_packages(ignore) using defaults
[0.204s] Level 1:colcon.colcon_core.package_discovery:discover_packages(path) discover
[0.204s] Level 1:colcon.colcon_core.package_discovery:discover_packages(path) using defaults
[0.227s] Level 1:colcon.colcon_core.package_discovery:discover_packages(prefix_path) check parameters
[0.227s] Level 1:colcon.colcon_core.package_discovery:discover_packages(prefix_path) discover
[0.230s] DEBUG:colcon.colcon_installed_package_information.package_discovery:Found 299 installed packages in /opt/ros/humble
[0.231s] Level 1:colcon.colcon_core.package_discovery:discover_packages(prefix_path) using defaults
[0.276s] Level 5:colcon.colcon_core.verb:set package 'waypoint_counter' build argument 'cmake_args' from command line to 'None'
[0.277s] Level 5:colcon.colcon_core.verb:set package 'waypoint_counter' build argument 'cmake_target' from command line to 'None'
[0.277s] Level 5:colcon.colcon_core.verb:set package 'waypoint_counter' build argument 'cmake_target_skip_unavailable' from command line to 'False'
[0.277s] Level 5:colcon.colcon_core.verb:set package 'waypoint_counter' build argument 'cmake_clean_cache' from command line to 'False'
[0.277s] Level 5:colcon.colcon_core.verb:set package 'waypoint_counter' build argument 'cmake_clean_first' from command line to 'False'
[0.277s] Level 5:colcon.colcon_core.verb:set package 'waypoint_counter' build argument 'cmake_force_configure' from command line to 'False'
[0.277s] Level 5:colcon.colcon_core.verb:set package 'waypoint_counter' build argument 'ament_cmake_args' from command line to 'None'
[0.277s] Level 5:colcon.colcon_core.verb:set package 'waypoint_counter' build argument 'catkin_cmake_args' from command line to 'None'
[0.277s] Level 5:colcon.colcon_core.verb:set package 'waypoint_counter' build argument 'catkin_skip_building_tests' from command line to 'False'
[0.277s] DEBUG:colcon.colcon_core.verb:Building package 'waypoint_counter' with the following arguments: {'ament_cmake_args': None, 'build_base': '/home/james/Documents/Iceberg/ModeSwitcher/build/waypoint_counter', 'catkin_cmake_args': None, 'catkin_skip_building_tests': False, 'cmake_args': None, 'cmake_clean_cache': False, 'cmake_clean_first': False, 'cmake_force_configure': False, 'cmake_target': None, 'cmake_target_skip_unavailable': False, 'install_base': '/home/james/Documents/Iceberg/ModeSwitcher/install/waypoint_counter', 'merge_install': False, 'path': '/home/james/Documents/Iceberg/ModeSwitcher', 'symlink_install': False, 'test_result_base': None}
[0.277s] INFO:colcon.colcon_core.executor:Executing jobs using 'parallel' executor
[0.278s] DEBUG:colcon.colcon_parallel_executor.executor.parallel:run_until_complete
[0.279s] INFO:colcon.colcon_ros.task.catkin.build:Building ROS package in '/home/james/Documents/Iceberg/ModeSwitcher' with build type 'catkin'
[0.279s] INFO:colcon.colcon_cmake.task.cmake.build:Building CMake package in '/home/james/Documents/Iceberg/ModeSwitcher'
[0.281s] INFO:colcon.colcon_core.plugin_system:Skipping extension 'colcon_core.shell.bat': Not used on non-Windows systems
[0.281s] INFO:colcon.colcon_core.shell:Skip shell extension 'powershell' for command environment: Not usable outside of PowerShell
[0.281s] DEBUG:colcon.colcon_core.shell:Skip shell extension 'dsv' for command environment
[0.294s] DEBUG:colcon.colcon_core.event_handler.log_command:Invoking command in '/home/james/Documents/Iceberg/ModeSwitcher/build/waypoint_counter': /usr/bin/cmake /home/james/Documents/Iceberg/ModeSwitcher -DCATKIN_INSTALL_INTO_PREFIX_ROOT=0 -DCMAKE_INSTALL_PREFIX=/home/james/Documents/Iceberg/ModeSwitcher/install/waypoint_counter
[0.948s] DEBUG:colcon.colcon_core.event_handler.log_command:Invoked command in '/home/james/Documents/Iceberg/ModeSwitcher/build/waypoint_counter' returned '0': /usr/bin/cmake /home/james/Documents/Iceberg/ModeSwitcher -DCATKIN_INSTALL_INTO_PREFIX_ROOT=0 -DCMAKE_INSTALL_PREFIX=/home/james/Documents/Iceberg/ModeSwitcher/install/waypoint_counter
[0.951s] DEBUG:colcon.colcon_core.event_handler.log_command:Invoking command in '/home/james/Documents/Iceberg/ModeSwitcher/build/waypoint_counter': /usr/bin/cmake --build /home/james/Documents/Iceberg/ModeSwitcher/build/waypoint_counter -- -j16 -l16
[10.866s] DEBUG:colcon.colcon_core.event_handler.log_command:Invoked command in '/home/james/Documents/Iceberg/ModeSwitcher/build/waypoint_counter' returned '0': /usr/bin/cmake --build /home/james/Documents/Iceberg/ModeSwitcher/build/waypoint_counter -- -j16 -l16
[10.871s] DEBUG:colcon.colcon_core.event_handler.log_command:Invoking command in '/home/james/Documents/Iceberg/ModeSwitcher/build/waypoint_counter': /usr/bin/cmake --install /home/james/Documents/Iceberg/ModeSwitcher/build/waypoint_counter
[10.881s] DEBUG:colcon.colcon_core.event_handler.log_command:Invoked command in '/home/james/Documents/Iceberg/ModeSwitcher/build/waypoint_counter' returned '0': /usr/bin/cmake --install /home/james/Documents/Iceberg/ModeSwitcher/build/waypoint_counter
[10.881s] Level 1:colcon.colcon_core.shell:create_environment_hook('waypoint_counter', 'ros_package_path')
[10.881s] INFO:colcon.colcon_core.shell:Creating environment hook '/home/james/Documents/Iceberg/ModeSwitcher/install/waypoint_counter/share/waypoint_counter/hook/ros_package_path.ps1'
[10.882s] INFO:colcon.colcon_core.shell:Creating environment descriptor '/home/james/Documents/Iceberg/ModeSwitcher/install/waypoint_counter/share/waypoint_counter/hook/ros_package_path.dsv'
[10.882s] INFO:colcon.colcon_core.shell:Creating environment hook '/home/james/Documents/Iceberg/ModeSwitcher/install/waypoint_counter/share/waypoint_counter/hook/ros_package_path.sh'
[10.883s] Level 1:colcon.colcon_core.shell:create_environment_hook('waypoint_counter', 'pkg_config_path')
[10.883s] INFO:colcon.colcon_core.shell:Creating environment hook '/home/james/Documents/Iceberg/ModeSwitcher/install/waypoint_counter/share/waypoint_counter/hook/pkg_config_path.ps1'
[10.883s] INFO:colcon.colcon_core.shell:Creating environment descriptor '/home/james/Documents/Iceberg/ModeSwitcher/install/waypoint_counter/share/waypoint_counter/hook/pkg_config_path.dsv'
[10.883s] INFO:colcon.colcon_core.shell:Creating environment hook '/home/james/Documents/Iceberg/ModeSwitcher/install/waypoint_counter/share/waypoint_counter/hook/pkg_config_path.sh'
[10.887s] Level 1:colcon.colcon_core.shell:create_environment_hook('waypoint_counter', 'pkg_config_path_multiarch')
[10.887s] INFO:colcon.colcon_core.shell:Creating environment hook '/home/james/Documents/Iceberg/ModeSwitcher/install/waypoint_counter/share/waypoint_counter/hook/pkg_config_path_multiarch.ps1'
[10.888s] INFO:colcon.colcon_core.shell:Creating environment descriptor '/home/james/Documents/Iceberg/ModeSwitcher/install/waypoint_counter/share/waypoint_counter/hook/pkg_config_path_multiarch.dsv'
[10.888s] INFO:colcon.colcon_core.shell:Creating environment hook '/home/james/Documents/Iceberg/ModeSwitcher/install/waypoint_counter/share/waypoint_counter/hook/pkg_config_path_multiarch.sh'
[10.889s] Level 1:colcon.colcon_core.environment:create_environment_scripts_only(waypoint_counter)
[10.890s] Level 1:colcon.colcon_core.environment:checking '/home/james/Documents/Iceberg/ModeSwitcher/install/waypoint_counter' for CMake module files
[10.891s] Level 1:colcon.colcon_core.environment:checking '/home/james/Documents/Iceberg/ModeSwitcher/install/waypoint_counter' for CMake config files
[10.891s] Level 1:colcon.colcon_core.shell:create_environment_hook('waypoint_counter', 'cmake_prefix_path')
[10.891s] INFO:colcon.colcon_core.shell:Creating environment hook '/home/james/Documents/Iceberg/ModeSwitcher/install/waypoint_counter/share/waypoint_counter/hook/cmake_prefix_path.ps1'
[10.891s] INFO:colcon.colcon_core.shell:Creating environment descriptor '/home/james/Documents/Iceberg/ModeSwitcher/install/waypoint_counter/share/waypoint_counter/hook/cmake_prefix_path.dsv'
[10.892s] INFO:colcon.colcon_core.shell:Creating environment hook '/home/james/Documents/Iceberg/ModeSwitcher/install/waypoint_counter/share/waypoint_counter/hook/cmake_prefix_path.sh'
[10.892s] Level 1:colcon.colcon_core.environment:checking '/home/james/Documents/Iceberg/ModeSwitcher/install/waypoint_counter/lib'
[10.892s] Level 1:colcon.colcon_core.environment:checking '/home/james/Documents/Iceberg/ModeSwitcher/install/waypoint_counter/bin'
[10.892s] Level 1:colcon.colcon_core.environment:checking '/home/james/Documents/Iceberg/ModeSwitcher/install/waypoint_counter/lib/pkgconfig/waypoint_counter.pc'
[10.892s] Level 1:colcon.colcon_core.environment:checking '/home/james/Documents/Iceberg/ModeSwitcher/install/waypoint_counter/lib/python3.10/site-packages'
[10.893s] Level 1:colcon.colcon_core.environment:checking '/home/james/Documents/Iceberg/ModeSwitcher/install/waypoint_counter/bin'
[10.893s] INFO:colcon.colcon_core.shell:Creating package script '/home/james/Documents/Iceberg/ModeSwitcher/install/waypoint_counter/share/waypoint_counter/package.ps1'
[10.893s] INFO:colcon.colcon_core.shell:Creating package descriptor '/home/james/Documents/Iceberg/ModeSwitcher/install/waypoint_counter/share/waypoint_counter/package.dsv'
[10.894s] INFO:colcon.colcon_core.shell:Creating package script '/home/james/Documents/Iceberg/ModeSwitcher/install/waypoint_counter/share/waypoint_counter/package.sh'
[10.895s] INFO:colcon.colcon_core.shell:Creating package script '/home/james/Documents/Iceberg/ModeSwitcher/install/waypoint_counter/share/waypoint_counter/package.bash'
[10.895s] INFO:colcon.colcon_core.shell:Creating package script '/home/james/Documents/Iceberg/ModeSwitcher/install/waypoint_counter/share/waypoint_counter/package.zsh'
[10.895s] Level 1:colcon.colcon_core.environment:create_file_with_runtime_dependencies(/home/james/Documents/Iceberg/ModeSwitcher/install/waypoint_counter/share/colcon-core/packages/waypoint_counter)
[10.896s] DEBUG:colcon.colcon_parallel_executor.executor.parallel:closing loop
[10.896s] DEBUG:colcon.colcon_parallel_executor.executor.parallel:loop closed
[10.896s] DEBUG:colcon.colcon_parallel_executor.executor.parallel:run_until_complete finished with '0'
[10.896s] DEBUG:colcon.colcon_core.event_reactor:joining thread
[10.900s] INFO:colcon.colcon_core.plugin_system:Skipping extension 'colcon_notification.desktop_notification.notify_send': Could not find 'notify-send'
[10.900s] INFO:colcon.colcon_core.plugin_system:Skipping extension 'colcon_notification.desktop_notification.terminal_notifier': Not used on non-Darwin systems
[10.900s] INFO:colcon.colcon_core.plugin_system:Skipping extension 'colcon_notification.desktop_notification.win32': Not used on non-Windows systems
[10.900s] INFO:colcon.colcon_notification.desktop_notification:Sending desktop notification using 'notify2'
[10.909s] DEBUG:colcon.colcon_core.event_reactor:joined thread
[10.910s] INFO:colcon.colcon_core.shell:Creating prefix script '/home/james/Documents/Iceberg/ModeSwitcher/install/local_setup.ps1'
[10.911s] INFO:colcon.colcon_core.shell:Creating prefix util module '/home/james/Documents/Iceberg/ModeSwitcher/install/_local_setup_util_ps1.py'
[10.912s] INFO:colcon.colcon_core.shell:Creating prefix chain script '/home/james/Documents/Iceberg/ModeSwitcher/install/setup.ps1'
[10.913s] INFO:colcon.colcon_core.shell:Creating prefix script '/home/james/Documents/Iceberg/ModeSwitcher/install/local_setup.sh'
[10.913s] INFO:colcon.colcon_core.shell:Creating prefix util module '/home/james/Documents/Iceberg/ModeSwitcher/install/_local_setup_util_sh.py'
[10.914s] INFO:colcon.colcon_core.shell:Creating prefix chain script '/home/james/Documents/Iceberg/ModeSwitcher/install/setup.sh'
[10.914s] INFO:colcon.colcon_core.shell:Creating prefix script '/home/james/Documents/Iceberg/ModeSwitcher/install/local_setup.bash'
[10.915s] INFO:colcon.colcon_core.shell:Creating prefix chain script '/home/james/Documents/Iceberg/ModeSwitcher/install/setup.bash'
[10.915s] INFO:colcon.colcon_core.shell:Creating prefix script '/home/james/Documents/Iceberg/ModeSwitcher/install/local_setup.zsh'
[10.916s] INFO:colcon.colcon_core.shell:Creating prefix chain script '/home/james/Documents/Iceberg/ModeSwitcher/install/setup.zsh'
