[0.016s] Invoking command in '/home/james/Documents/Iceberg/ModeSwitcher/build/waypoint_counter': /usr/bin/cmake --build /home/james/Documents/Iceberg/ModeSwitcher/build/waypoint_counter -- -j16 -l16
[0.038s] -- Found ament_cmake: 1.3.11 (/opt/ros/humble/share/ament_cmake/cmake)
[0.156s] -- Found rclcpp: 16.0.11 (/opt/ros/humble/share/rclcpp/cmake)
[0.194s] -- Found rosidl_generator_c: 3.1.6 (/opt/ros/humble/share/rosidl_generator_c/cmake)
[0.196s] -- Found rosidl_adapter: 3.1.6 (/opt/ros/humble/share/rosidl_adapter/cmake)
[0.203s] -- Found rosidl_generator_cpp: 3.1.6 (/opt/ros/humble/share/rosidl_generator_cpp/cmake)
[0.214s] -- Using all available rosidl_typesupport_c: rosidl_typesupport_fastrtps_c;rosidl_typesupport_introspection_c
[0.229s] -- Using all available rosidl_typesupport_cpp: rosidl_typesupport_fastrtps_cpp;rosidl_typesupport_introspection_cpp
[0.268s] -- Found rmw_implementation_cmake: 6.1.2 (/opt/ros/humble/share/rmw_implementation_cmake/cmake)
[0.269s] -- Found rmw_fastrtps_cpp: 6.2.7 (/opt/ros/humble/share/rmw_fastrtps_cpp/cmake)
[0.415s] -- Using RMW implementation 'rmw_fastrtps_cpp' as default
[0.472s] -- Found mavros_msgs: 2.9.0 (/opt/ros/humble/share/mavros_msgs/cmake)
[0.644s] -- Configuring done
[0.648s] [31mCMake Error at CMakeLists.txt:20 (add_executable):
[0.649s]   Cannot find source file:
[0.649s] 
[0.649s]     src/waypoint_counter.cpp
[0.649s] 
[0.649s]   Tried extensions .c .C .c++ .cc .cpp .cxx .cu .mpp .m .M .mm .ixx .cppm .h
[0.649s]   .hh .h++ .hm .hpp .hxx .in .txx .f .F .for .f77 .f90 .f95 .f03 .hip .ispc
[0.649s] 
[0.649s] [0m
[0.650s] [31mCMake Error at CMakeLists.txt:20 (add_executable):
[0.650s]   No SOURCES given to target: waypoint_counter
[0.650s] 
[0.650s] [0m
[0.650s] [0mCMake Generate step failed.  Build files cannot be regenerated correctly.[0m
[0.662s] gmake: *** [Makefile:267: cmake_check_build_system] Error 1
[0.664s] Invoked command in '/home/james/Documents/Iceberg/ModeSwitcher/build/waypoint_counter' returned '2': /usr/bin/cmake --build /home/james/Documents/Iceberg/ModeSwitcher/build/waypoint_counter -- -j16 -l16
